"../../../Engine/Content/EditorResources/S_Actor.ubulk" 0
"../../../Engine/Content/EditorResources/S_Actor.uasset" 1
"../../../Engine/Content/EditorResources/S_Actor.uexp" 2
"../../../Engine/Content/EditorResources/S_BoxReflectionCapture.uasset" 3
"../../../Engine/Content/EditorResources/S_BoxReflectionCapture.uexp" 4
"../../../Engine/Content/EngineResources/DefaultTexture.ubulk" 5
"../../../Engine/Content/EngineResources/DefaultTexture.uasset" 6
"../../../Engine/Content/EngineResources/DefaultTexture.uexp" 7
"../../../Engine/Content/EngineResources/DefaultTextureCube.uasset" 8
"../../../Engine/Content/EngineResources/DefaultTextureCube.uexp" 9
"../../../Engine/Content/EngineResources/DefaultVolumeTexture2D.uasset" 10
"../../../Engine/Content/EngineResources/DefaultVolumeTexture2D.uexp" 11
"../../../Engine/Content/EngineResources/DefaultVolumeTexture.uasset" 12
"../../../Engine/Content/EngineResources/DefaultVolumeTexture.uexp" 13
"../../../Engine/Content/EditorResources/S_Trigger.ubulk" 14
"../../../Engine/Content/EditorResources/S_Trigger.uasset" 15
"../../../Engine/Content/EditorResources/S_Trigger.uexp" 16
"../../../Engine/Content/EditorResources/S_TriggerBox.uasset" 17
"../../../Engine/Content/EditorResources/S_TriggerBox.uexp" 18
"../../../Engine/Content/EditorResources/S_TriggerCapsule.uasset" 19
"../../../Engine/Content/EditorResources/S_TriggerCapsule.uexp" 20
"../../../Engine/Content/EditorResources/S_TriggerSphere.uasset" 21
"../../../Engine/Content/EditorResources/S_TriggerSphere.uexp" 22
"../../../Engine/Content/EngineMeshes/Sphere.ubulk" 23
"../../../Engine/Content/EngineMeshes/Sphere.uasset" 24
"../../../Engine/Content/EngineMeshes/Sphere.uexp" 25
"../../../Engine/Content/EngineResources/GradientTexture0.uasset" 26
"../../../Engine/Content/EngineResources/GradientTexture0.uexp" 27
"../../../Engine/Content/EngineResources/Black.uasset" 28
"../../../Engine/Content/EngineResources/Black.uexp" 29
"../../../Engine/Content/VREditor/LaserPointer/VR_LaserPower_01.ubulk" 30
"../../../Engine/Content/VREditor/LaserPointer/VR_LaserPower_01.uasset" 31
"../../../Engine/Content/VREditor/LaserPointer/VR_LaserPower_01.uexp" 32
"../../../Engine/Content/VREditor/TransformGizmo/TransformGizmoMaterial.uasset" 33
"../../../Engine/Content/VREditor/TransformGizmo/TransformGizmoMaterial.uexp" 34
"../../../Engine/Content/VREditor/TransformGizmo/TranslucentTransformGizmoMaterial.uasset" 35
"../../../Engine/Content/VREditor/TransformGizmo/TranslucentTransformGizmoMaterial.uexp" 36
"../../../Engine/Content/VREditor/TransformGizmo/PlaneTranslationHandle.ubulk" 37
"../../../Engine/Content/VREditor/TransformGizmo/PlaneTranslationHandle.uasset" 38
"../../../Engine/Content/VREditor/TransformGizmo/PlaneTranslationHandle.uexp" 39
"../../../Engine/Content/VREditor/TransformGizmo/BoundingBoxCorner.ubulk" 40
"../../../Engine/Content/VREditor/TransformGizmo/BoundingBoxCorner.uasset" 41
"../../../Engine/Content/VREditor/TransformGizmo/BoundingBoxCorner.uexp" 42
"../../../Engine/Content/VREditor/TransformGizmo/BoundingBoxEdge.ubulk" 43
"../../../Engine/Content/VREditor/TransformGizmo/BoundingBoxEdge.uasset" 44
"../../../Engine/Content/VREditor/TransformGizmo/BoundingBoxEdge.uexp" 45
"../../../Engine/Content/VREditor/TransformGizmo/Main.uasset" 46
"../../../Engine/Content/VREditor/TransformGizmo/Main.uexp" 47
"../../../Engine/Content/VREditor/TransformGizmo/Xray.uasset" 48
"../../../Engine/Content/VREditor/TransformGizmo/Xray.uexp" 49
"../../../Engine/Content/VREditor/TransformGizmo/SM_Sequencer_Node.ubulk" 50
"../../../Engine/Content/VREditor/TransformGizmo/SM_Sequencer_Node.uasset" 51
"../../../Engine/Content/VREditor/TransformGizmo/SM_Sequencer_Node.uexp" 52
"../../../Engine/Content/EditorMaterials/Camera/CineMat.uasset" 53
"../../../Engine/Content/EditorMaterials/Camera/CineMat.uexp" 54
"../../../Engine/Content/EditorMaterials/Camera/MI_CineMat_Rig.uasset" 55
"../../../Engine/Content/EditorMaterials/Camera/MI_CineMat_Rig.uexp" 56
"../../../Engine/Content/EditorMeshes/Camera/SM_CraneRig_Base.ubulk" 57
"../../../Engine/Content/EditorMeshes/Camera/SM_CraneRig_Base.uasset" 58
"../../../Engine/Content/EditorMeshes/Camera/SM_CraneRig_Base.uexp" 59
"../../../Engine/Content/EditorMeshes/Camera/SM_CraneRig_Arm.ubulk" 60
"../../../Engine/Content/EditorMeshes/Camera/SM_CraneRig_Arm.uasset" 61
"../../../Engine/Content/EditorMeshes/Camera/SM_CraneRig_Arm.uexp" 62
"../../../Engine/Content/EditorMeshes/Camera/SM_CraneRig_Mount.ubulk" 63
"../../../Engine/Content/EditorMeshes/Camera/SM_CraneRig_Mount.uasset" 64
"../../../Engine/Content/EditorMeshes/Camera/SM_CraneRig_Mount.uexp" 65
"../../../Engine/Content/EditorMeshes/Camera/SM_CraneRig_Body.ubulk" 66
"../../../Engine/Content/EditorMeshes/Camera/SM_CraneRig_Body.uasset" 67
"../../../Engine/Content/EditorMeshes/Camera/SM_CraneRig_Body.uexp" 68
"../../../Engine/Content/EditorMeshes/Camera/SM_RailRig_Track.ubulk" 69
"../../../Engine/Content/EditorMeshes/Camera/SM_RailRig_Track.uasset" 70
"../../../Engine/Content/EditorMeshes/Camera/SM_RailRig_Track.uexp" 71
"../../../Engine/Content/EditorMeshes/Camera/SM_RailRig_Mount.ubulk" 72
"../../../Engine/Content/EditorMeshes/Camera/SM_RailRig_Mount.uasset" 73
"../../../Engine/Content/EditorMeshes/Camera/SM_RailRig_Mount.uexp" 74
"../../../Engine/Content/EngineMaterials/T_Default_Material_Grid_M.ubulk" 75
"../../../Engine/Content/EngineMaterials/T_Default_Material_Grid_M.uasset" 76
"../../../Engine/Content/EngineMaterials/T_Default_Material_Grid_M.uexp" 77
"../../../Engine/Content/EngineMaterials/T_Default_Material_Grid_N.ubulk" 78
"../../../Engine/Content/EngineMaterials/T_Default_Material_Grid_N.uasset" 79
"../../../Engine/Content/EngineMaterials/T_Default_Material_Grid_N.uexp" 80
"../../../Engine/Content/Functions/Engine_MaterialFunctions01/Opacity/CameraDepthFade.uasset" 81
"../../../Engine/Content/Functions/Engine_MaterialFunctions01/Opacity/CameraDepthFade.uexp" 82
"../../../Engine/Content/EngineMaterials/WorldGridMaterial.uasset" 83
"../../../Engine/Content/EngineMaterials/WorldGridMaterial.uexp" 84
"../../../Engine/Content/ArtTools/RenderToTexture/Meshes/S_1_Unit_Plane.ubulk" 85
"../../../Engine/Content/ArtTools/RenderToTexture/Meshes/S_1_Unit_Plane.uasset" 86
"../../../Engine/Content/ArtTools/RenderToTexture/Meshes/S_1_Unit_Plane.uexp" 87
"../../../Engine/Content/EditorMaterials/ParticleSystems/PSysThumbnail_NoImage.ubulk" 88
"../../../Engine/Content/EditorMaterials/ParticleSystems/PSysThumbnail_NoImage.uasset" 89
"../../../Engine/Content/EditorMaterials/ParticleSystems/PSysThumbnail_NoImage.uexp" 90
"../../../Engine/Content/EditorMaterials/ParticleSystems/PSysThumbnail_OOD.ubulk" 91
"../../../Engine/Content/EditorMaterials/ParticleSystems/PSysThumbnail_OOD.uasset" 92
"../../../Engine/Content/EditorMaterials/ParticleSystems/PSysThumbnail_OOD.uexp" 93
"../../../Engine/Content/EditorLandscapeResources/SplineEditorMeshMat.uasset" 94
"../../../Engine/Content/EditorLandscapeResources/SplineEditorMeshMat.uexp" 95
"../../../Engine/Content/EditorLandscapeResources/SplineEditorMesh.ubulk" 96
"../../../Engine/Content/EditorLandscapeResources/SplineEditorMesh.uasset" 97
"../../../Engine/Content/EditorLandscapeResources/SplineEditorMesh.uexp" 98
"../../../Engine/Content/EditorResources/S_Solver.ubulk" 99
"../../../Engine/Content/EditorResources/S_Solver.uasset" 100
"../../../Engine/Content/EditorResources/S_Solver.uexp" 101
"../../../Engine/Plugins/Media/MediaPlate/Content/SM_MediaPlateScreen.ubulk" 102
"../../../Engine/Plugins/Media/MediaPlate/Content/SM_MediaPlateScreen.uasset" 103
"../../../Engine/Plugins/Media/MediaPlate/Content/SM_MediaPlateScreen.uexp" 104
"../../../Engine/Content/EngineMaterials/DefaultBokeh.uasset" 105
"../../../Engine/Content/EngineMaterials/DefaultBokeh.uexp" 106
"../../../Engine/Content/EngineMaterials/PreintegratedSkinBRDF.uasset" 107
"../../../Engine/Content/EngineMaterials/PreintegratedSkinBRDF.uexp" 108
"../../../Engine/Content/EngineMaterials/MiniFont.uasset" 109
"../../../Engine/Content/EngineMaterials/MiniFont.uexp" 110
"../../../Engine/Content/EngineMaterials/WeightMapPlaceholderTexture.uasset" 111
"../../../Engine/Content/EngineMaterials/WeightMapPlaceholderTexture.uexp" 112
"../../../Engine/Content/EngineMaterials/DefaultWhiteGrid.ubulk" 113
"../../../Engine/Content/EngineMaterials/DefaultWhiteGrid.uasset" 114
"../../../Engine/Content/EngineMaterials/DefaultWhiteGrid.uexp" 115
"../../../Engine/Content/EngineMaterials/DefaultMaterial.uasset" 116
"../../../Engine/Content/EngineMaterials/DefaultMaterial.uexp" 117
"../../../Engine/Content/BasicShapes/Sphere.ubulk" 118
"../../../Engine/Content/BasicShapes/Sphere.uasset" 119
"../../../Engine/Content/BasicShapes/Sphere.uexp" 120
"../../../Engine/Content/BasicShapes/Plane.ubulk" 121
"../../../Engine/Content/BasicShapes/Plane.uasset" 122
"../../../Engine/Content/BasicShapes/Plane.uexp" 123
"../../../Engine/Content/BasicShapes/Cylinder.ubulk" 124
"../../../Engine/Content/BasicShapes/Cylinder.uasset" 125
"../../../Engine/Content/BasicShapes/Cylinder.uexp" 126
"../../../Engine/Content/BasicShapes/Cube.ubulk" 127
"../../../Engine/Content/BasicShapes/Cube.uasset" 128
"../../../Engine/Content/BasicShapes/Cube.uexp" 129
"../../../Engine/Content/BasicShapes/Cone.ubulk" 130
"../../../Engine/Content/BasicShapes/Cone.uasset" 131
"../../../Engine/Content/BasicShapes/Cone.uexp" 132
"../../../Engine/Content/BasicShapes/BasicShapeMaterial.uasset" 133
"../../../Engine/Content/BasicShapes/BasicShapeMaterial.uexp" 134
"../../../Engine/Content/Animation/DefaultRecorderBoneCompression.uasset" 135
"../../../Engine/Content/Animation/DefaultRecorderBoneCompression.uexp" 136
"../../../Engine/Content/EditorLandscapeResources/DefaultAlphaTexture.uasset" 137
"../../../Engine/Content/EditorLandscapeResources/DefaultAlphaTexture.uexp" 138
"../../../Engine/Content/EditorLandscapeResources/DataLayer.uasset" 139
"../../../Engine/Content/EditorLandscapeResources/DataLayer.uexp" 140
"../../../Engine/Content/EditorMaterials/PreviewShadowIndicator.ubulk" 141
"../../../Engine/Content/EditorMaterials/PreviewShadowIndicator.uasset" 142
"../../../Engine/Content/EditorMaterials/PreviewShadowIndicator.uexp" 143
"../../../Engine/Content/EditorMaterials/PreviewShadowIndicatorMaterial.uasset" 144
"../../../Engine/Content/EditorMaterials/PreviewShadowIndicatorMaterial.uexp" 145
"../../../Engine/Content/EditorMaterials/PhAT_UnselectedMaterial.uasset" 146
"../../../Engine/Content/EditorMaterials/PhAT_UnselectedMaterial.uexp" 147
"../../../Engine/Content/EditorMaterials/PhAT_NoCollisionMaterial.uasset" 148
"../../../Engine/Content/EditorMaterials/PhAT_NoCollisionMaterial.uexp" 149
"../../../Engine/Plugins/Interchange/Runtime/Content/Pipelines/DefaultAssetsPipeline.uasset" 150
"../../../Engine/Plugins/Interchange/Runtime/Content/Pipelines/DefaultAssetsPipeline.uexp" 151
"../../../Engine/Content/Functions/Engine_MaterialFunctions02/Utility/MakeFloat4.uasset" 152
"../../../Engine/Content/Functions/Engine_MaterialFunctions02/Utility/MakeFloat4.uexp" 153
"../../../Engine/Content/Functions/Engine_MaterialFunctions02/Utility/MakeFloat3.uasset" 154
"../../../Engine/Content/Functions/Engine_MaterialFunctions02/Utility/MakeFloat3.uexp" 155
"../../../Engine/Content/Functions/Engine_MaterialFunctions02/Utility/BreakOutFloat3Components.uasset" 156
"../../../Engine/Content/Functions/Engine_MaterialFunctions02/Utility/BreakOutFloat3Components.uexp" 157
"../../../Engine/Content/EditorMaterials/WorldPartition/WorldPartitionSpatialHashGridPreviewMaterial.uasset" 158
"../../../Engine/Content/EditorMaterials/WorldPartition/WorldPartitionSpatialHashGridPreviewMaterial.uexp" 159
"../../../Engine/Content/EditorResources/S_Terrain.ubulk" 160
"../../../Engine/Content/EditorResources/S_Terrain.uasset" 161
"../../../Engine/Content/EditorResources/S_Terrain.uexp" 162
"../../../Engine/Content/EditorResources/EmptyActor.uasset" 163
"../../../Engine/Content/EditorResources/EmptyActor.uexp" 164
"../../../Engine/Content/EditorResources/BSPVertex.uasset" 165
"../../../Engine/Content/EditorResources/BSPVertex.uexp" 166
"../../../Engine/Content/EditorResources/SequenceRecorder/RecordingIndicator.uasset" 167
"../../../Engine/Content/EditorResources/SequenceRecorder/RecordingIndicator.uexp" 168
"../../../Engine/Content/EditorResources/SequenceRecorder/Countdown.uasset" 169
"../../../Engine/Content/EditorResources/SequenceRecorder/Countdown.uexp" 170
"../../../Engine/Content/EngineDamageTypes/DmgTypeBP_Environmental.uasset" 171
"../../../Engine/Content/EngineDamageTypes/DmgTypeBP_Environmental.uexp" 172
"../../../Engine/Content/Functions/Engine_MaterialFunctions02/Utility/CameraDirectionVector.uasset" 173
"../../../Engine/Content/Functions/Engine_MaterialFunctions02/Utility/CameraDirectionVector.uexp" 174
"../../../Engine/Content/EngineDebugMaterials/VolumeToRender.uasset" 175
"../../../Engine/Content/EngineDebugMaterials/VolumeToRender.uexp" 176
"../../../Engine/Content/EngineDebugMaterials/M_VolumeRenderSphereTracePP.uasset" 177
"../../../Engine/Content/EngineDebugMaterials/M_VolumeRenderSphereTracePP.uexp" 178
"../../../Engine/Content/EngineDebugMaterials/M_SimpleUnlitTranslucent.uasset" 179
"../../../Engine/Content/EngineDebugMaterials/M_SimpleUnlitTranslucent.uexp" 180
"../../../Engine/Content/EngineDebugMaterials/DebugMeshMaterial.uasset" 181
"../../../Engine/Content/EngineDebugMaterials/DebugMeshMaterial.uexp" 182
"../../../Engine/Content/EngineDebugMaterials/DebugEditorMaterial.uasset" 183
"../../../Engine/Content/EngineDebugMaterials/DebugEditorMaterial.uexp" 184
"../../../Engine/Content/EngineFonts/Faces/RobotoLight.uexp" 185
"../../../Engine/Content/EngineFonts/Faces/RobotoLight.uasset" 186
"../../../Engine/Content/EngineFonts/Faces/RobotoLight.ufont" 187
"../../../Engine/Content/EngineFonts/Faces/RobotoBold.uexp" 188
"../../../Engine/Content/EngineFonts/Faces/RobotoBold.uasset" 189
"../../../Engine/Content/EngineFonts/Faces/RobotoBold.ufont" 190
"../../../Engine/Content/EngineFonts/Faces/RobotoRegular.uexp" 191
"../../../Engine/Content/EngineFonts/Faces/RobotoRegular.uasset" 192
"../../../Engine/Content/EngineFonts/Faces/RobotoRegular.ufont" 193
"../../../Engine/Content/EngineFonts/Faces/DroidSansFallback.uexp" 194
"../../../Engine/Content/EngineFonts/Faces/DroidSansFallback.uasset" 195
"../../../Engine/Content/EngineFonts/Faces/DroidSansFallback.ufont" 196
"../../../Engine/Content/EngineFonts/Faces/RobotoItalic.uexp" 197
"../../../Engine/Content/EngineFonts/Faces/RobotoItalic.uasset" 198
"../../../Engine/Content/EngineFonts/Faces/RobotoItalic.ufont" 199
"../../../Engine/Content/EngineFonts/Faces/RobotoBoldItalic.uexp" 200
"../../../Engine/Content/EngineFonts/Faces/RobotoBoldItalic.uasset" 201
"../../../Engine/Content/EngineFonts/Faces/RobotoBoldItalic.ufont" 202
"../../../Engine/Content/EngineFonts/Roboto.uasset" 203
"../../../Engine/Content/EngineFonts/Roboto.uexp" 204
"../../../Engine/Content/EngineResources/WhiteSquareTexture.uasset" 205
"../../../Engine/Content/EngineResources/WhiteSquareTexture.uexp" 206
"../../../Engine/Content/EngineMaterials/Widget3DPassThrough.uasset" 207
"../../../Engine/Content/EngineMaterials/Widget3DPassThrough.uexp" 208
"../../../Engine/Content/EngineMaterials/Widget3DPassThrough_Translucent.uasset" 209
"../../../Engine/Content/EngineMaterials/Widget3DPassThrough_Translucent.uexp" 210
"../../../Engine/Content/EngineMaterials/Widget3DPassThrough_Translucent_OneSided.uasset" 211
"../../../Engine/Content/EngineMaterials/Widget3DPassThrough_Translucent_OneSided.uexp" 212
"../../../Engine/Content/EngineMaterials/Widget3DPassThrough_Opaque.uasset" 213
"../../../Engine/Content/EngineMaterials/Widget3DPassThrough_Opaque.uexp" 214
"../../../Engine/Content/EngineMaterials/Widget3DPassThrough_Opaque_OneSided.uasset" 215
"../../../Engine/Content/EngineMaterials/Widget3DPassThrough_Opaque_OneSided.uexp" 216
"../../../Engine/Content/EngineMaterials/Widget3DPassThrough_Masked_OneSided.uasset" 217
"../../../Engine/Content/EngineMaterials/Widget3DPassThrough_Masked_OneSided.uexp" 218
"../../../Engine/Content/EngineMaterials/Widget3DPassThrough_Masked.uasset" 219
"../../../Engine/Content/EngineMaterials/Widget3DPassThrough_Masked.uexp" 220
"../../../Engine/Plugins/Interchange/Runtime/Content/gltf/Textures/T_Gray_Linear.uasset" 221
"../../../Engine/Plugins/Interchange/Runtime/Content/gltf/Textures/T_Gray_Linear.uexp" 222
"../../../Engine/Content/EngineMaterials/STBlueNoise_vec2_128x128x64.uasset" 223
"../../../Engine/Content/EngineMaterials/STBlueNoise_vec2_128x128x64.uexp" 224
"../../../Engine/Content/EngineMaterials/STBlueNoise_scalar_128x128x64.uasset" 225
"../../../Engine/Content/EngineMaterials/STBlueNoise_scalar_128x128x64.uexp" 226
"../../../Engine/Content/EngineMaterials/RemoveSurfaceMaterial.uasset" 227
"../../../Engine/Content/EngineMaterials/RemoveSurfaceMaterial.uexp" 228
"../../../Engine/Plugins/Interchange/Runtime/Content/gltf/Textures/T_Black_srgb.uasset" 229
"../../../Engine/Plugins/Interchange/Runtime/Content/gltf/Textures/T_Black_srgb.uexp" 230
"../../../Engine/Content/EngineMaterials/DefaultCalibrationGrayscale.uasset" 231
"../../../Engine/Content/EngineMaterials/DefaultCalibrationGrayscale.uexp" 232
"../../../Engine/Content/EngineMaterials/PPM_DefaultCalibrationGrayscale.uasset" 233
"../../../Engine/Content/EngineMaterials/PPM_DefaultCalibrationGrayscale.uexp" 234
"../../../Engine/Content/EngineMaterials/DefaultCalibrationColor.uasset" 235
"../../../Engine/Content/EngineMaterials/DefaultCalibrationColor.uexp" 236
"../../../Engine/Content/EngineMaterials/PPM_DefaultCalibrationColor.uasset" 237
"../../../Engine/Content/EngineMaterials/PPM_DefaultCalibrationColor.uexp" 238
"../../../Engine/Content/Functions/Engine_MaterialFunctions02/WorldPositionOffset/CameraOffset.uasset" 239
"../../../Engine/Content/Functions/Engine_MaterialFunctions02/WorldPositionOffset/CameraOffset.uexp" 240
"../../../Engine/Content/EngineMaterials/PhAT_JointLimitMaterial.uasset" 241
"../../../Engine/Content/EngineMaterials/PhAT_JointLimitMaterial.uexp" 242
"../../../Engine/Content/EngineMaterials/InvalidLightmapSettings.ubulk" 243
"../../../Engine/Content/EngineMaterials/InvalidLightmapSettings.uasset" 244
"../../../Engine/Content/EngineMaterials/InvalidLightmapSettings.uexp" 245
"../../../Engine/Content/EngineMaterials/M_InvalidLightmapSettings.uasset" 246
"../../../Engine/Content/EngineMaterials/M_InvalidLightmapSettings.uexp" 247
"../../../Engine/Plugins/Interchange/Runtime/Content/Pipelines/DefaultTexturePipeline.uasset" 248
"../../../Engine/Plugins/Interchange/Runtime/Content/Pipelines/DefaultTexturePipeline.uexp" 249
"../../../Engine/Content/EngineMaterials/DefaultNormal.ubulk" 250
"../../../Engine/Content/EngineMaterials/DefaultNormal.uasset" 251
"../../../Engine/Content/EngineMaterials/DefaultNormal.uexp" 252
"../../../Engine/Plugins/Interchange/Runtime/Content/Materials/MapOrScalarFunction.uasset" 253
"../../../Engine/Plugins/Interchange/Runtime/Content/Materials/MapOrScalarFunction.uexp" 254
"../../../Engine/Plugins/Interchange/Runtime/Content/Materials/MapOrLinearColorFunction.uasset" 255
"../../../Engine/Plugins/Interchange/Runtime/Content/Materials/MapOrLinearColorFunction.uexp" 256
"../../../Engine/Plugins/Interchange/Runtime/Content/Materials/MapOrColorFunction.uasset" 257
"../../../Engine/Plugins/Interchange/Runtime/Content/Materials/MapOrColorFunction.uexp" 258
"../../../Engine/Content/EngineMaterials/BaseFlattenLinearColor.uasset" 259
"../../../Engine/Content/EngineMaterials/BaseFlattenLinearColor.uexp" 260
"../../../Engine/Plugins/Interchange/Runtime/Content/Materials/CommonMaterial.uasset" 261
"../../../Engine/Plugins/Interchange/Runtime/Content/Materials/CommonMaterial.uexp" 262
"../../../Engine/Plugins/Interchange/Runtime/Content/Materials/PBRSurfaceFunction.uasset" 263
"../../../Engine/Plugins/Interchange/Runtime/Content/Materials/PBRSurfaceFunction.uexp" 264
"../../../Engine/Plugins/Interchange/Runtime/Content/Materials/ThinTranslucentMaterial.uasset" 265
"../../../Engine/Plugins/Interchange/Runtime/Content/Materials/ThinTranslucentMaterial.uexp" 266
"../../../Engine/Content/EngineMaterials/GizmoMaterial.uasset" 267
"../../../Engine/Content/EngineMaterials/GizmoMaterial.uexp" 268
"../../../Engine/Content/EngineMaterials/BaseFlattenEmissiveMap_VT.uasset" 269
"../../../Engine/Content/EngineMaterials/BaseFlattenEmissiveMap_VT.uexp" 270
"../../../Engine/Content/EngineMaterials/BaseFlattenGrayscaleMap_VT.uasset" 271
"../../../Engine/Content/EngineMaterials/BaseFlattenGrayscaleMap_VT.uexp" 272
"../../../Engine/Content/EngineMaterials/BaseFlattenLinearColor_VT.uasset" 273
"../../../Engine/Content/EngineMaterials/BaseFlattenLinearColor_VT.uexp" 274
"../../../Engine/Content/EngineMaterials/Black_1x1_EXR_Texture_VT.uasset" 275
"../../../Engine/Content/EngineMaterials/Black_1x1_EXR_Texture_VT.uexp" 276
"../../../Engine/Content/EngineMaterials/BaseFlattenDiffuseMap_VT.uasset" 277
"../../../Engine/Content/EngineMaterials/BaseFlattenDiffuseMap_VT.uexp" 278
"../../../Engine/Content/EngineMaterials/BaseFlattenNormalMap_VT.uasset" 279
"../../../Engine/Content/EngineMaterials/BaseFlattenNormalMap_VT.uexp" 280
"../../../Engine/Content/EngineMaterials/FlattenMaterial_WS_Normal_VT.uasset" 281
"../../../Engine/Content/EngineMaterials/FlattenMaterial_WS_Normal_VT.uexp" 282
"../../../Engine/Content/EngineMaterials/FlattenMaterial_VT.uasset" 283
"../../../Engine/Content/EngineMaterials/FlattenMaterial_VT.uexp" 284
"../../../Engine/Content/EngineMaterials/BaseFlattenNormalMap.uasset" 285
"../../../Engine/Content/EngineMaterials/BaseFlattenNormalMap.uexp" 286
"../../../Engine/Content/EngineMaterials/BaseFlattenGrayscaleMap.uasset" 287
"../../../Engine/Content/EngineMaterials/BaseFlattenGrayscaleMap.uexp" 288
"../../../Engine/Content/EngineMaterials/BaseFlattenDiffuseMap.uasset" 289
"../../../Engine/Content/EngineMaterials/BaseFlattenDiffuseMap.uexp" 290
"../../../Engine/Content/Functions/Engine_MaterialFunctions02/PivotPainter2/Black_1x1_EXR_Texture.uasset" 291
"../../../Engine/Content/Functions/Engine_MaterialFunctions02/PivotPainter2/Black_1x1_EXR_Texture.uexp" 292
"../../../Engine/Content/EngineMaterials/BaseFlattenEmissiveMap.uasset" 293
"../../../Engine/Content/EngineMaterials/BaseFlattenEmissiveMap.uexp" 294
"../../../Engine/Content/EngineMaterials/FlattenMaterial.uasset" 295
"../../../Engine/Content/EngineMaterials/FlattenMaterial.uexp" 296
"../../../Engine/Content/EngineMaterials/DefaultWhiteGrid_Low.uasset" 297
"../../../Engine/Content/EngineMaterials/DefaultWhiteGrid_Low.uexp" 298
"../../../Engine/Content/EngineMaterials/EmissiveMeshMaterial.uasset" 299
"../../../Engine/Content/EngineMaterials/EmissiveMeshMaterial.uexp" 300
"../../../Engine/Plugins/Interchange/Runtime/Content/Pipelines/DefaultSceneLevelPipeline.uasset" 301
"../../../Engine/Plugins/Interchange/Runtime/Content/Pipelines/DefaultSceneLevelPipeline.uexp" 302
"../../../Engine/Content/EngineFonts/RobotoDistanceField.uasset" 303
"../../../Engine/Content/EngineFonts/RobotoDistanceField.uexp" 304
"../../../Engine/Content/EngineMaterials/DefaultTextMaterialOpaque.uasset" 305
"../../../Engine/Content/EngineMaterials/DefaultTextMaterialOpaque.uexp" 306
"../../../Engine/Content/EngineMaterials/DefaultDiffuse.ubulk" 307
"../../../Engine/Content/EngineMaterials/DefaultDiffuse.uasset" 308
"../../../Engine/Content/EngineMaterials/DefaultDiffuse.uexp" 309
"../../../Engine/Content/Functions/Engine_MaterialFunctions02/Utility/BreakOutFloat2Components.uasset" 310
"../../../Engine/Content/Functions/Engine_MaterialFunctions02/Utility/BreakOutFloat2Components.uexp" 311
"../../../Engine/Content/EngineMaterials/DefaultPostProcessMaterial.uasset" 312
"../../../Engine/Content/EngineMaterials/DefaultPostProcessMaterial.uexp" 313
"../../../Engine/Content/EngineMaterials/DefaultPhysicalMaterial.uasset" 314
"../../../Engine/Content/EngineMaterials/DefaultPhysicalMaterial.uexp" 315
"../../../Engine/Content/EngineMaterials/DefaultLightFunctionMaterial.uasset" 316
"../../../Engine/Content/EngineMaterials/DefaultLightFunctionMaterial.uexp" 317
"../../../Engine/Plugins/Runtime/MeshModelingToolset/Content/Materials/M_DynamicMeshComponentVtxColor.uasset" 318
"../../../Engine/Plugins/Runtime/MeshModelingToolset/Content/Materials/M_DynamicMeshComponentVtxColor.uexp" 319
"../../../Engine/Content/EngineMaterials/DefaultDestructiblePhysicalMaterial.uasset" 320
"../../../Engine/Content/EngineMaterials/DefaultDestructiblePhysicalMaterial.uexp" 321
"../../../Engine/Content/EngineMaterials/DefaultDeferredDecalMaterial.uasset" 322
"../../../Engine/Content/EngineMaterials/DefaultDeferredDecalMaterial.uexp" 323
"../../../Engine/Plugins/Interchange/Runtime/Content/Materials/UnlitMaterial.uasset" 324
"../../../Engine/Plugins/Interchange/Runtime/Content/Materials/UnlitMaterial.uexp" 325
"../../../Engine/Content/EngineMaterials/DefaultBloomKernel.uasset" 326
"../../../Engine/Content/EngineMaterials/DefaultBloomKernel.uexp" 327
"../../../Engine/Plugins/Interchange/Runtime/Content/Materials/SubsurfaceMaterial.uasset" 328
"../../../Engine/Plugins/Interchange/Runtime/Content/Materials/SubsurfaceMaterial.uexp" 329
"../../../Engine/Plugins/Interchange/Runtime/Content/Materials/SheenMaterial.uasset" 330
"../../../Engine/Plugins/Interchange/Runtime/Content/Materials/SheenMaterial.uexp" 331
"../../../Engine/Content/Functions/Engine_MaterialFunctions01/Shading/ConvertFromDiffSpec.uasset" 332
"../../../Engine/Content/Functions/Engine_MaterialFunctions01/Shading/ConvertFromDiffSpec.uexp" 333
"../../../Engine/Plugins/Interchange/Runtime/Content/Materials/PhongSurfaceMaterial.uasset" 334
"../../../Engine/Plugins/Interchange/Runtime/Content/Materials/PhongSurfaceMaterial.uexp" 335
"../../../Engine/Plugins/Interchange/Runtime/Content/Materials/PBRSurfaceMaterial.uasset" 336
"../../../Engine/Plugins/Interchange/Runtime/Content/Materials/PBRSurfaceMaterial.uexp" 337
"../../../Engine/Plugins/Interchange/Runtime/Content/Materials/LambertSurfaceMaterial.uasset" 338
"../../../Engine/Plugins/Interchange/Runtime/Content/Materials/LambertSurfaceMaterial.uexp" 339
"../../../Engine/Content/EngineMaterials/FlatNormal.uasset" 340
"../../../Engine/Content/EngineMaterials/FlatNormal.uexp" 341
"../../../Engine/Plugins/Interchange/Runtime/Content/Functions/MF_OrenNayerView.uasset" 342
"../../../Engine/Plugins/Interchange/Runtime/Content/Functions/MF_OrenNayerView.uexp" 343
"../../../Engine/Content/EditorLandscapeResources/WhiteSquareTexture.uasset" 344
"../../../Engine/Content/EditorLandscapeResources/WhiteSquareTexture.uexp" 345
"../../../Engine/Plugins/Interchange/Runtime/Content/Functions/MF_SchlickApprox.uasset" 346
"../../../Engine/Plugins/Interchange/Runtime/Content/Functions/MF_SchlickApprox.uexp" 347
"../../../Engine/Plugins/Interchange/Runtime/Content/Utilities/New_LUT.uasset" 348
"../../../Engine/Plugins/Interchange/Runtime/Content/Utilities/New_LUT.uexp" 349
"../../../Engine/Content/Functions/Engine_MaterialFunctions03/Math/RemapValueRange.uasset" 350
"../../../Engine/Content/Functions/Engine_MaterialFunctions03/Math/RemapValueRange.uexp" 351
"../../../Engine/Plugins/Interchange/Runtime/Content/Functions/MF_Iridescence.uasset" 352
"../../../Engine/Plugins/Interchange/Runtime/Content/Functions/MF_Iridescence.uexp" 353
"../../../Engine/Plugins/Interchange/Runtime/Content/Materials/OrenNayerMaterial.uasset" 354
"../../../Engine/Plugins/Interchange/Runtime/Content/Materials/OrenNayerMaterial.uexp" 355
"../../../Engine/Plugins/Interchange/Runtime/Content/Materials/ClearCoatMaterial.uasset" 356
"../../../Engine/Plugins/Interchange/Runtime/Content/Materials/ClearCoatMaterial.uexp" 357
"../../../Engine/Content/EngineResources/FilmGrains/Marcie_Grain_v3_128_M2_000.uasset" 358
"../../../Engine/Content/EngineResources/FilmGrains/Marcie_Grain_v3_128_M2_000.uexp" 359
"../../../Engine/Content/EngineSky/VolumetricClouds/CloudWeatherTexture.uasset" 360
"../../../Engine/Content/EngineSky/VolumetricClouds/CloudWeatherTexture.uexp" 361
"../../../Engine/Content/Functions/Engine_MaterialFunctions02/Utility/MakeFloat2.uasset" 362
"../../../Engine/Content/Functions/Engine_MaterialFunctions02/Utility/MakeFloat2.uexp" 363
"../../../Engine/Content/EngineSky/VolumetricClouds/CloudGradientTexture.uasset" 364
"../../../Engine/Content/EngineSky/VolumetricClouds/CloudGradientTexture.uexp" 365
"../../../Engine/Content/EngineSky/VolumetricClouds/T_NoiseShape64.ubulk" 366
"../../../Engine/Content/EngineSky/VolumetricClouds/T_NoiseShape64.uasset" 367
"../../../Engine/Content/EngineSky/VolumetricClouds/T_NoiseShape64.uexp" 368
"../../../Engine/Content/EngineSky/VolumetricClouds/T_VolumeNoiseShape64.uasset" 369
"../../../Engine/Content/EngineSky/VolumetricClouds/T_VolumeNoiseShape64.uexp" 370
"../../../Engine/Content/EngineSky/VolumetricClouds/T_NoiseErosion.ubulk" 371
"../../../Engine/Content/EngineSky/VolumetricClouds/T_NoiseErosion.uasset" 372
"../../../Engine/Content/EngineSky/VolumetricClouds/T_NoiseErosion.uexp" 373
"../../../Engine/Content/EngineSky/VolumetricClouds/T_VolumeNoiseErosion32.uasset" 374
"../../../Engine/Content/EngineSky/VolumetricClouds/T_VolumeNoiseErosion32.uexp" 375
"../../../Engine/Content/EngineSky/VolumetricClouds/m_SimpleVolumetricCloud.uasset" 376
"../../../Engine/Content/EngineSky/VolumetricClouds/m_SimpleVolumetricCloud.uexp" 377
"../../../Engine/Content/EngineSky/VolumetricClouds/m_SimpleVolumetricCloud_Inst.uasset" 378
"../../../Engine/Content/EngineSky/VolumetricClouds/m_SimpleVolumetricCloud_Inst.uexp" 379
"../../../Engine/Content/EngineSounds/Master.uasset" 380
"../../../Engine/Content/EngineSounds/Master.uexp" 381
"../../../Engine/Content/Functions/Engine_MaterialFunctions01/Shading/PowerToRoughness.uasset" 382
"../../../Engine/Content/Functions/Engine_MaterialFunctions01/Shading/PowerToRoughness.uexp" 383
"../../../Engine/Content/MobileResources/HUD/VirtualJoystick_Background.uasset" 384
"../../../Engine/Content/MobileResources/HUD/VirtualJoystick_Background.uexp" 385
"../../../Engine/Content/MobileResources/HUD/VirtualJoystick_Thumb.uasset" 386
"../../../Engine/Content/MobileResources/HUD/VirtualJoystick_Thumb.uexp" 387
"../../../Engine/Content/MobileResources/HUD/DefaultVirtualJoysticks.uasset" 388
"../../../Engine/Content/MobileResources/HUD/DefaultVirtualJoysticks.uexp" 389
"../../../Engine/Plugins/2D/Paper2D/Content/PlaceholderTextures/DummySpriteTexture.ubulk" 390
"../../../Engine/Plugins/2D/Paper2D/Content/PlaceholderTextures/DummySpriteTexture.uasset" 391
"../../../Engine/Plugins/2D/Paper2D/Content/PlaceholderTextures/DummySpriteTexture.uexp" 392
"../../../Engine/Plugins/2D/Paper2D/Content/DefaultSpriteMaterial.uasset" 393
"../../../Engine/Plugins/2D/Paper2D/Content/DefaultSpriteMaterial.uexp" 394
"../../../Engine/Plugins/2D/Paper2D/Content/OpaqueUnlitSpriteMaterial.uasset" 395
"../../../Engine/Plugins/2D/Paper2D/Content/OpaqueUnlitSpriteMaterial.uexp" 396
"../../../Engine/Plugins/2D/Paper2D/Content/MaskedUnlitSpriteMaterial.uasset" 397
"../../../Engine/Plugins/2D/Paper2D/Content/MaskedUnlitSpriteMaterial.uexp" 398
"../../../Engine/Plugins/2D/Paper2D/Content/DummySprite.uasset" 399
"../../../Engine/Plugins/2D/Paper2D/Content/DummySprite.uexp" 400
"../../../Engine/Plugins/2D/Paper2D/Content/DefaultPaperTerrainMaterial.uasset" 401
"../../../Engine/Plugins/2D/Paper2D/Content/DefaultPaperTerrainMaterial.uexp" 402
"../../../Engine/Plugins/Animation/ControlRig/Content/M_Manip.uasset" 403
"../../../Engine/Plugins/Animation/ControlRig/Content/M_Manip.uexp" 404
"../../../Engine/Plugins/Animation/ControlRig/Content/Controls/DefaultGizmoLibraryNormalized.uasset" 405
"../../../Engine/Plugins/Animation/ControlRig/Content/Controls/DefaultGizmoLibraryNormalized.uexp" 406
"../../../Engine/Plugins/Animation/ControlRig/Content/Controls/ControlRig_Wedge_solid.ubulk" 407
"../../../Engine/Plugins/Animation/ControlRig/Content/Controls/ControlRig_Wedge_solid.uasset" 408
"../../../Engine/Plugins/Animation/ControlRig/Content/Controls/ControlRig_Wedge_solid.uexp" 409
"../../../Engine/Plugins/Animation/ControlRig/Content/Controls/ControlRig_Wedge_3mm.ubulk" 410
"../../../Engine/Plugins/Animation/ControlRig/Content/Controls/ControlRig_Wedge_3mm.uasset" 411
"../../../Engine/Plugins/Animation/ControlRig/Content/Controls/ControlRig_Wedge_3mm.uexp" 412
"../../../Engine/Plugins/Animation/ControlRig/Content/Controls/ControlRig_Wedge_1mm.ubulk" 413
"../../../Engine/Plugins/Animation/ControlRig/Content/Controls/ControlRig_Wedge_1mm.uasset" 414
"../../../Engine/Plugins/Animation/ControlRig/Content/Controls/ControlRig_Wedge_1mm.uexp" 415
"../../../Engine/Plugins/Animation/ControlRig/Content/Controls/ControlRig_Triangle_solid.ubulk" 416
"../../../Engine/Plugins/Animation/ControlRig/Content/Controls/ControlRig_Triangle_solid.uasset" 417
"../../../Engine/Plugins/Animation/ControlRig/Content/Controls/ControlRig_Triangle_solid.uexp" 418
"../../../Engine/Plugins/Animation/ControlRig/Content/Controls/ControlRig_Triangle_3mm.ubulk" 419
"../../../Engine/Plugins/Animation/ControlRig/Content/Controls/ControlRig_Triangle_3mm.uasset" 420
"../../../Engine/Plugins/Animation/ControlRig/Content/Controls/ControlRig_Triangle_3mm.uexp" 421
"../../../Engine/Plugins/Animation/ControlRig/Content/Controls/ControlRig_Triangle_1mm.ubulk" 422
"../../../Engine/Plugins/Animation/ControlRig/Content/Controls/ControlRig_Triangle_1mm.uasset" 423
"../../../Engine/Plugins/Animation/ControlRig/Content/Controls/ControlRig_Triangle_1mm.uexp" 424
"../../../Engine/Plugins/Animation/ControlRig/Content/Controls/ControlRig_Star4_solid.ubulk" 425
"../../../Engine/Plugins/Animation/ControlRig/Content/Controls/ControlRig_Star4_solid.uasset" 426
"../../../Engine/Plugins/Animation/ControlRig/Content/Controls/ControlRig_Star4_solid.uexp" 427
"../../../Engine/Plugins/Animation/ControlRig/Content/Controls/ControlRig_Star4_3mm.ubulk" 428
"../../../Engine/Plugins/Animation/ControlRig/Content/Controls/ControlRig_Star4_3mm.uasset" 429
"../../../Engine/Plugins/Animation/ControlRig/Content/Controls/ControlRig_Star4_3mm.uexp" 430
"../../../Engine/Plugins/Animation/ControlRig/Content/Controls/ControlRig_Star4_1mm.ubulk" 431
"../../../Engine/Plugins/Animation/ControlRig/Content/Controls/ControlRig_Star4_1mm.uasset" 432
"../../../Engine/Plugins/Animation/ControlRig/Content/Controls/ControlRig_Star4_1mm.uexp" 433
"../../../Engine/Plugins/Animation/ControlRig/Content/Controls/ControlRig_Square_solid.ubulk" 434
"../../../Engine/Plugins/Animation/ControlRig/Content/Controls/ControlRig_Square_solid.uasset" 435
"../../../Engine/Plugins/Animation/ControlRig/Content/Controls/ControlRig_Square_solid.uexp" 436
"../../../Engine/Plugins/Animation/ControlRig/Content/Controls/ControlRig_Square_3mm.ubulk" 437
"../../../Engine/Plugins/Animation/ControlRig/Content/Controls/ControlRig_Square_3mm.uasset" 438
"../../../Engine/Plugins/Animation/ControlRig/Content/Controls/ControlRig_Square_3mm.uexp" 439
"../../../Engine/Plugins/Animation/ControlRig/Content/Controls/ControlRig_Square_1mm.ubulk" 440
"../../../Engine/Plugins/Animation/ControlRig/Content/Controls/ControlRig_Square_1mm.uasset" 441
"../../../Engine/Plugins/Animation/ControlRig/Content/Controls/ControlRig_Square_1mm.uexp" 442
"../../../Engine/Plugins/Animation/ControlRig/Content/Controls/ControlRig_Sphere_solid.ubulk" 443
"../../../Engine/Plugins/Animation/ControlRig/Content/Controls/ControlRig_Sphere_solid.uasset" 444
"../../../Engine/Plugins/Animation/ControlRig/Content/Controls/ControlRig_Sphere_solid.uexp" 445
"../../../Engine/Plugins/Animation/ControlRig/Content/Controls/ControlRig_Sphere_3mm.ubulk" 446
"../../../Engine/Plugins/Animation/ControlRig/Content/Controls/ControlRig_Sphere_3mm.uasset" 447
"../../../Engine/Plugins/Animation/ControlRig/Content/Controls/ControlRig_Sphere_3mm.uexp" 448
"../../../Engine/Plugins/Animation/ControlRig/Content/Controls/ControlRig_Sphere_1mm.ubulk" 449
"../../../Engine/Plugins/Animation/ControlRig/Content/Controls/ControlRig_Sphere_1mm.uasset" 450
"../../../Engine/Plugins/Animation/ControlRig/Content/Controls/ControlRig_Sphere_1mm.uexp" 451
"../../../Engine/Plugins/Animation/ControlRig/Content/Controls/ControlRig_RoundedTriangle_solid.ubulk" 452
"../../../Engine/Plugins/Animation/ControlRig/Content/Controls/ControlRig_RoundedTriangle_solid.uasset" 453
"../../../Engine/Plugins/Animation/ControlRig/Content/Controls/ControlRig_RoundedTriangle_solid.uexp" 454
"../../../Engine/Plugins/Animation/ControlRig/Content/Controls/ControlRig_RoundedTriangle_3mm.ubulk" 455
"../../../Engine/Plugins/Animation/ControlRig/Content/Controls/ControlRig_RoundedTriangle_3mm.uasset" 456
"../../../Engine/Plugins/Animation/ControlRig/Content/Controls/ControlRig_RoundedTriangle_3mm.uexp" 457
"../../../Engine/Plugins/Animation/ControlRig/Content/Controls/ControlRig_RoundedTriangle_1mm.ubulk" 458
"../../../Engine/Plugins/Animation/ControlRig/Content/Controls/ControlRig_RoundedTriangle_1mm.uasset" 459
"../../../Engine/Plugins/Animation/ControlRig/Content/Controls/ControlRig_RoundedTriangle_1mm.uexp" 460
"../../../Engine/Plugins/Animation/ControlRig/Content/Controls/ControlRig_RoundedSquare_solid.ubulk" 461
"../../../Engine/Plugins/Animation/ControlRig/Content/Controls/ControlRig_RoundedSquare_solid.uasset" 462
"../../../Engine/Plugins/Animation/ControlRig/Content/Controls/ControlRig_RoundedSquare_solid.uexp" 463
"../../../Engine/Plugins/Animation/ControlRig/Content/Controls/ControlRig_RoundedSquare_3mm.ubulk" 464
"../../../Engine/Plugins/Animation/ControlRig/Content/Controls/ControlRig_RoundedSquare_3mm.uasset" 465
"../../../Engine/Plugins/Animation/ControlRig/Content/Controls/ControlRig_RoundedSquare_3mm.uexp" 466
"../../../Engine/Plugins/Animation/ControlRig/Content/Controls/ControlRig_RoundedSquare_1mm.ubulk" 467
"../../../Engine/Plugins/Animation/ControlRig/Content/Controls/ControlRig_RoundedSquare_1mm.uasset" 468
"../../../Engine/Plugins/Animation/ControlRig/Content/Controls/ControlRig_RoundedSquare_1mm.uexp" 469
"../../../Engine/Plugins/Animation/ControlRig/Content/Controls/ControlRig_QuarterCircle_solid.ubulk" 470
"../../../Engine/Plugins/Animation/ControlRig/Content/Controls/ControlRig_QuarterCircle_solid.uasset" 471
"../../../Engine/Plugins/Animation/ControlRig/Content/Controls/ControlRig_QuarterCircle_solid.uexp" 472
"../../../Engine/Plugins/Animation/ControlRig/Content/Controls/ControlRig_QuarterCircle_3mm.ubulk" 473
"../../../Engine/Plugins/Animation/ControlRig/Content/Controls/ControlRig_QuarterCircle_3mm.uasset" 474
"../../../Engine/Plugins/Animation/ControlRig/Content/Controls/ControlRig_QuarterCircle_3mm.uexp" 475
"../../../Engine/Plugins/Animation/ControlRig/Content/Controls/ControlRig_QuarterCircle_1mm.ubulk" 476
"../../../Engine/Plugins/Animation/ControlRig/Content/Controls/ControlRig_QuarterCircle_1mm.uasset" 477
"../../../Engine/Plugins/Animation/ControlRig/Content/Controls/ControlRig_QuarterCircle_1mm.uexp" 478
"../../../Engine/Plugins/Animation/ControlRig/Content/Controls/ControlRig_Pyramid_solid.ubulk" 479
"../../../Engine/Plugins/Animation/ControlRig/Content/Controls/ControlRig_Pyramid_solid.uasset" 480
"../../../Engine/Plugins/Animation/ControlRig/Content/Controls/ControlRig_Pyramid_solid.uexp" 481
"../../../Engine/Plugins/Animation/ControlRig/Content/Controls/ControlRig_Pyramid_3mm.ubulk" 482
"../../../Engine/Plugins/Animation/ControlRig/Content/Controls/ControlRig_Pyramid_3mm.uasset" 483
"../../../Engine/Plugins/Animation/ControlRig/Content/Controls/ControlRig_Pyramid_3mm.uexp" 484
"../../../Engine/Plugins/Animation/ControlRig/Content/Controls/ControlRig_Pyramid_1mm.ubulk" 485
"../../../Engine/Plugins/Animation/ControlRig/Content/Controls/ControlRig_Pyramid_1mm.uasset" 486
"../../../Engine/Plugins/Animation/ControlRig/Content/Controls/ControlRig_Pyramid_1mm.uexp" 487
"../../../Engine/Plugins/Animation/ControlRig/Content/Controls/ControlRig_Octagon_solid.ubulk" 488
"../../../Engine/Plugins/Animation/ControlRig/Content/Controls/ControlRig_Octagon_solid.uasset" 489
"../../../Engine/Plugins/Animation/ControlRig/Content/Controls/ControlRig_Octagon_solid.uexp" 490
"../../../Engine/Plugins/Animation/ControlRig/Content/Controls/ControlRig_Octagon_3mm.ubulk" 491
"../../../Engine/Plugins/Animation/ControlRig/Content/Controls/ControlRig_Octagon_3mm.uasset" 492
"../../../Engine/Plugins/Animation/ControlRig/Content/Controls/ControlRig_Octagon_3mm.uexp" 493
"../../../Engine/Plugins/Animation/ControlRig/Content/Controls/ControlRig_Octagon_1mm.ubulk" 494
"../../../Engine/Plugins/Animation/ControlRig/Content/Controls/ControlRig_Octagon_1mm.uasset" 495
"../../../Engine/Plugins/Animation/ControlRig/Content/Controls/ControlRig_Octagon_1mm.uexp" 496
"../../../Engine/Plugins/Animation/ControlRig/Content/Controls/ControlRig_Hexagon_solid.ubulk" 497
"../../../Engine/Plugins/Animation/ControlRig/Content/Controls/ControlRig_Hexagon_solid.uasset" 498
"../../../Engine/Plugins/Animation/ControlRig/Content/Controls/ControlRig_Hexagon_solid.uexp" 499
"../../../Engine/Plugins/Animation/ControlRig/Content/Controls/ControlRig_Hexagon_3mm.ubulk" 500
"../../../Engine/Plugins/Animation/ControlRig/Content/Controls/ControlRig_Hexagon_3mm.uasset" 501
"../../../Engine/Plugins/Animation/ControlRig/Content/Controls/ControlRig_Hexagon_3mm.uexp" 502
"../../../Engine/Plugins/Animation/ControlRig/Content/Controls/ControlRig_Hexagon_1mm.ubulk" 503
"../../../Engine/Plugins/Animation/ControlRig/Content/Controls/ControlRig_Hexagon_1mm.uasset" 504
"../../../Engine/Plugins/Animation/ControlRig/Content/Controls/ControlRig_Hexagon_1mm.uexp" 505
"../../../Engine/Plugins/Animation/ControlRig/Content/Controls/ControlRig_HalfCircle_solid.ubulk" 506
"../../../Engine/Plugins/Animation/ControlRig/Content/Controls/ControlRig_HalfCircle_solid.uasset" 507
"../../../Engine/Plugins/Animation/ControlRig/Content/Controls/ControlRig_HalfCircle_solid.uexp" 508
"../../../Engine/Plugins/Animation/ControlRig/Content/Controls/ControlRig_HalfCircle_3mm.ubulk" 509
"../../../Engine/Plugins/Animation/ControlRig/Content/Controls/ControlRig_HalfCircle_3mm.uasset" 510
"../../../Engine/Plugins/Animation/ControlRig/Content/Controls/ControlRig_HalfCircle_3mm.uexp" 511
"../../../Engine/Plugins/Animation/ControlRig/Content/Controls/ControlRig_HalfCircle_1mm.ubulk" 512
"../../../Engine/Plugins/Animation/ControlRig/Content/Controls/ControlRig_HalfCircle_1mm.uasset" 513
"../../../Engine/Plugins/Animation/ControlRig/Content/Controls/ControlRig_HalfCircle_1mm.uexp" 514
"../../../Engine/Plugins/Animation/ControlRig/Content/Controls/ControlRig_Diamond_solid.ubulk" 515
"../../../Engine/Plugins/Animation/ControlRig/Content/Controls/ControlRig_Diamond_solid.uasset" 516
"../../../Engine/Plugins/Animation/ControlRig/Content/Controls/ControlRig_Diamond_solid.uexp" 517
"../../../Engine/Plugins/Animation/ControlRig/Content/Controls/ControlRig_Diamond_3mm.ubulk" 518
"../../../Engine/Plugins/Animation/ControlRig/Content/Controls/ControlRig_Diamond_3mm.uasset" 519
"../../../Engine/Plugins/Animation/ControlRig/Content/Controls/ControlRig_Diamond_3mm.uexp" 520
"../../../Engine/Plugins/Animation/ControlRig/Content/Controls/ControlRig_Diamond_1mm.ubulk" 521
"../../../Engine/Plugins/Animation/ControlRig/Content/Controls/ControlRig_Diamond_1mm.uasset" 522
"../../../Engine/Plugins/Animation/ControlRig/Content/Controls/ControlRig_Diamond_1mm.uexp" 523
"../../../Engine/Plugins/Animation/ControlRig/Content/Controls/ControlRig_Circle_solid.ubulk" 524
"../../../Engine/Plugins/Animation/ControlRig/Content/Controls/ControlRig_Circle_solid.uasset" 525
"../../../Engine/Plugins/Animation/ControlRig/Content/Controls/ControlRig_Circle_solid.uexp" 526
"../../../Engine/Plugins/Animation/ControlRig/Content/Controls/ControlRig_Circle_3mm.ubulk" 527
"../../../Engine/Plugins/Animation/ControlRig/Content/Controls/ControlRig_Circle_3mm.uasset" 528
"../../../Engine/Plugins/Animation/ControlRig/Content/Controls/ControlRig_Circle_3mm.uexp" 529
"../../../Engine/Plugins/Animation/ControlRig/Content/Controls/ControlRig_Circle_1mm.ubulk" 530
"../../../Engine/Plugins/Animation/ControlRig/Content/Controls/ControlRig_Circle_1mm.uasset" 531
"../../../Engine/Plugins/Animation/ControlRig/Content/Controls/ControlRig_Circle_1mm.uexp" 532
"../../../Engine/Plugins/Animation/ControlRig/Content/Controls/ControlRig_Box_solid.ubulk" 533
"../../../Engine/Plugins/Animation/ControlRig/Content/Controls/ControlRig_Box_solid.uasset" 534
"../../../Engine/Plugins/Animation/ControlRig/Content/Controls/ControlRig_Box_solid.uexp" 535
"../../../Engine/Plugins/Animation/ControlRig/Content/Controls/ControlRig_Box_3mm.ubulk" 536
"../../../Engine/Plugins/Animation/ControlRig/Content/Controls/ControlRig_Box_3mm.uasset" 537
"../../../Engine/Plugins/Animation/ControlRig/Content/Controls/ControlRig_Box_3mm.uexp" 538
"../../../Engine/Plugins/Animation/ControlRig/Content/Controls/ControlRig_Box_1mm.ubulk" 539
"../../../Engine/Plugins/Animation/ControlRig/Content/Controls/ControlRig_Box_1mm.uasset" 540
"../../../Engine/Plugins/Animation/ControlRig/Content/Controls/ControlRig_Box_1mm.uexp" 541
"../../../Engine/Plugins/Animation/ControlRig/Content/Controls/ControlRig_Arrow_solid.ubulk" 542
"../../../Engine/Plugins/Animation/ControlRig/Content/Controls/ControlRig_Arrow_solid.uasset" 543
"../../../Engine/Plugins/Animation/ControlRig/Content/Controls/ControlRig_Arrow_solid.uexp" 544
"../../../Engine/Plugins/Animation/ControlRig/Content/Controls/ControlRig_Arrow_3mm.ubulk" 545
"../../../Engine/Plugins/Animation/ControlRig/Content/Controls/ControlRig_Arrow_3mm.uasset" 546
"../../../Engine/Plugins/Animation/ControlRig/Content/Controls/ControlRig_Arrow_3mm.uexp" 547
"../../../Engine/Plugins/Animation/ControlRig/Content/Controls/ControlRig_Arrow_1mm.ubulk" 548
"../../../Engine/Plugins/Animation/ControlRig/Content/Controls/ControlRig_Arrow_1mm.uasset" 549
"../../../Engine/Plugins/Animation/ControlRig/Content/Controls/ControlRig_Arrow_1mm.uexp" 550
"../../../Engine/Plugins/Animation/ControlRig/Content/Controls/ControlRig_Arrow4_solid.ubulk" 551
"../../../Engine/Plugins/Animation/ControlRig/Content/Controls/ControlRig_Arrow4_solid.uasset" 552
"../../../Engine/Plugins/Animation/ControlRig/Content/Controls/ControlRig_Arrow4_solid.uexp" 553
"../../../Engine/Plugins/Animation/ControlRig/Content/Controls/ControlRig_Arrow4_3mm.ubulk" 554
"../../../Engine/Plugins/Animation/ControlRig/Content/Controls/ControlRig_Arrow4_3mm.uasset" 555
"../../../Engine/Plugins/Animation/ControlRig/Content/Controls/ControlRig_Arrow4_3mm.uexp" 556
"../../../Engine/Plugins/Animation/ControlRig/Content/Controls/ControlRig_Arrow4_1mm.ubulk" 557
"../../../Engine/Plugins/Animation/ControlRig/Content/Controls/ControlRig_Arrow4_1mm.uasset" 558
"../../../Engine/Plugins/Animation/ControlRig/Content/Controls/ControlRig_Arrow4_1mm.uexp" 559
"../../../Engine/Plugins/Animation/ControlRig/Content/Controls/ControlRig_Arrow2_solid.ubulk" 560
"../../../Engine/Plugins/Animation/ControlRig/Content/Controls/ControlRig_Arrow2_solid.uasset" 561
"../../../Engine/Plugins/Animation/ControlRig/Content/Controls/ControlRig_Arrow2_solid.uexp" 562
"../../../Engine/Plugins/Animation/ControlRig/Content/Controls/ControlRig_Arrow2_3mm.ubulk" 563
"../../../Engine/Plugins/Animation/ControlRig/Content/Controls/ControlRig_Arrow2_3mm.uasset" 564
"../../../Engine/Plugins/Animation/ControlRig/Content/Controls/ControlRig_Arrow2_3mm.uexp" 565
"../../../Engine/Plugins/Animation/ControlRig/Content/Controls/ControlRig_Arrow2_1mm.ubulk" 566
"../../../Engine/Plugins/Animation/ControlRig/Content/Controls/ControlRig_Arrow2_1mm.uasset" 567
"../../../Engine/Plugins/Animation/ControlRig/Content/Controls/ControlRig_Arrow2_1mm.uexp" 568
"../../../Engine/Plugins/Animation/ControlRig/Content/Controls/ControlRigXRayMaterial.uasset" 569
"../../../Engine/Plugins/Animation/ControlRig/Content/Controls/ControlRigXRayMaterial.uexp" 570
"../../../Engine/Plugins/Animation/ControlRig/Content/Controls/ControlRigGizmoMaterial.uasset" 571
"../../../Engine/Plugins/Animation/ControlRig/Content/Controls/ControlRigGizmoMaterial.uexp" 572
"../../../Engine/Plugins/Editor/SpeedTreeImporter/Content/SpeedTree9/game_wind_noise.ubulk" 573
"../../../Engine/Plugins/Editor/SpeedTreeImporter/Content/SpeedTree9/game_wind_noise.uasset" 574
"../../../Engine/Plugins/Editor/SpeedTreeImporter/Content/SpeedTree9/game_wind_noise.uexp" 575
"../../../Engine/Plugins/Editor/SpeedTreeImporter/Content/SpeedTree9/UnpackDirection.uasset" 576
"../../../Engine/Plugins/Editor/SpeedTreeImporter/Content/SpeedTree9/UnpackDirection.uexp" 577
"../../../Engine/Content/Functions/Engine_MaterialFunctions02/ObjectLocalBounds.uasset" 578
"../../../Engine/Content/Functions/Engine_MaterialFunctions02/ObjectLocalBounds.uexp" 579
"../../../Engine/Content/Functions/Engine_MaterialFunctions02/UVs/BoundingBoxBased_0-1_UVW.uasset" 580
"../../../Engine/Content/Functions/Engine_MaterialFunctions02/UVs/BoundingBoxBased_0-1_UVW.uexp" 581
"../../../Engine/Content/Functions/Engine_MaterialFunctions02/Utility/VectorLength.uasset" 582
"../../../Engine/Content/Functions/Engine_MaterialFunctions02/Utility/VectorLength.uexp" 583
"../../../Engine/Plugins/Editor/SpeedTreeImporter/Content/SpeedTree9/UnpackInteger3.uasset" 584
"../../../Engine/Plugins/Editor/SpeedTreeImporter/Content/SpeedTree9/UnpackInteger3.uexp" 585
"../../../Engine/Plugins/Editor/SpeedTreeImporter/Content/SpeedTree9/SpeedTreeCameraFacing.uasset" 586
"../../../Engine/Plugins/Editor/SpeedTreeImporter/Content/SpeedTree9/SpeedTreeCameraFacing.uexp" 587
"../../../Engine/Content/Functions/Engine_MaterialFunctions02/WorldPositionOffset/ObjectScale.uasset" 588
"../../../Engine/Content/Functions/Engine_MaterialFunctions02/WorldPositionOffset/ObjectScale.uexp" 589
"../../../Engine/Content/Functions/Engine_MaterialFunctions02/SafeNormalize.uasset" 590
"../../../Engine/Content/Functions/Engine_MaterialFunctions02/SafeNormalize.uexp" 591
"../../../Engine/Plugins/Editor/SpeedTreeImporter/Content/SpeedTree9/SpeedTreeWindMotion.uasset" 592
"../../../Engine/Plugins/Editor/SpeedTreeImporter/Content/SpeedTree9/SpeedTreeWindMotion.uexp" 593
"../../../Engine/Plugins/Editor/SpeedTreeImporter/Content/SpeedTree9/SpeedTreeBranchMotion.uasset" 594
"../../../Engine/Plugins/Editor/SpeedTreeImporter/Content/SpeedTree9/SpeedTreeBranchMotion.uexp" 595
"../../../Engine/Plugins/Editor/SpeedTreeImporter/Content/SpeedTree9/SpeedTreeWind.uasset" 596
"../../../Engine/Plugins/Editor/SpeedTreeImporter/Content/SpeedTree9/SpeedTreeWind.uexp" 597
"../../../Engine/Plugins/Editor/SpeedTreeImporter/Content/SpeedTree9/EmptyNormal.uasset" 598
"../../../Engine/Plugins/Editor/SpeedTreeImporter/Content/SpeedTree9/EmptyNormal.uexp" 599
"../../../Engine/Plugins/Editor/SpeedTreeImporter/Content/SpeedTree9/Empty.uasset" 600
"../../../Engine/Plugins/Editor/SpeedTreeImporter/Content/SpeedTree9/Empty.uexp" 601
"../../../Engine/Plugins/Editor/SpeedTreeImporter/Content/SpeedTree9/SpeedTreeMaster.uasset" 602
"../../../Engine/Plugins/Editor/SpeedTreeImporter/Content/SpeedTree9/SpeedTreeMaster.uexp" 603
"../../../Engine/Plugins/Editor/SpeedTreeImporter/Content/SpeedTree9/SpeedTreeBillboard.uasset" 604
"../../../Engine/Plugins/Editor/SpeedTreeImporter/Content/SpeedTree9/SpeedTreeBillboard.uexp" 605
"../../../Engine/Plugins/Editor/SpeedTreeImporter/Content/SpeedTree9/SpeedTreeBillboardMaster.uasset" 606
"../../../Engine/Plugins/Editor/SpeedTreeImporter/Content/SpeedTree9/SpeedTreeBillboardMaster.uexp" 607
"../../../Engine/Plugins/Interchange/Runtime/Content/Pipelines/DefaultSceneAssetsPipeline.uasset" 608
"../../../Engine/Plugins/Interchange/Runtime/Content/Pipelines/DefaultSceneAssetsPipeline.uexp" 609
"../../../Engine/Plugins/Interchange/Runtime/Content/Pipelines/DefaultMaterialPipeline.uasset" 610
"../../../Engine/Plugins/Interchange/Runtime/Content/Pipelines/DefaultMaterialPipeline.uexp" 611
"../../../Engine/Content/Functions/Engine_MaterialFunctions02/Texturing/CustomRotator.uasset" 612
"../../../Engine/Content/Functions/Engine_MaterialFunctions02/Texturing/CustomRotator.uexp" 613
"../../../Engine/Content/Functions/Engine_MaterialFunctions02/Texturing/ScreenAlignedPixelToPixelUVs.uasset" 614
"../../../Engine/Content/Functions/Engine_MaterialFunctions02/Texturing/ScreenAlignedPixelToPixelUVs.uexp" 615
"../../../Engine/Plugins/Interchange/Runtime/Content/Utilities/T_Bayer64_Grayscale_64px.uasset" 616
"../../../Engine/Plugins/Interchange/Runtime/Content/Utilities/T_Bayer64_Grayscale_64px.uexp" 617
"../../../Engine/Plugins/Interchange/Runtime/Content/gltf/MaterialFunctions/MF_Temporal_Blur.uasset" 618
"../../../Engine/Plugins/Interchange/Runtime/Content/gltf/MaterialFunctions/MF_Temporal_Blur.uexp" 619
"../../../Engine/Plugins/Interchange/Runtime/Content/gltf/MaterialFunctions/MF_Fresnel_DS.uasset" 620
"../../../Engine/Plugins/Interchange/Runtime/Content/gltf/MaterialFunctions/MF_Fresnel_DS.uexp" 621
"../../../Engine/Plugins/Interchange/Runtime/Content/Functions/MX_Transmission.uasset" 622
"../../../Engine/Plugins/Interchange/Runtime/Content/Functions/MX_Transmission.uexp" 623
"../../../Engine/Plugins/Interchange/Runtime/Content/Functions/MX_StandardSurface.uasset" 624
"../../../Engine/Plugins/Interchange/Runtime/Content/Functions/MX_StandardSurface.uexp" 625
"../../../Engine/Plugins/Interchange/Runtime/Content/Functions/MX_TransmissionSurface.uasset" 626
"../../../Engine/Plugins/Interchange/Runtime/Content/Functions/MX_TransmissionSurface.uexp" 627
"../../../Engine/Content/Functions/Engine_MaterialFunctions02/Math/AddComponents.uasset" 628
"../../../Engine/Content/Functions/Engine_MaterialFunctions02/Math/AddComponents.uexp" 629
"../../../Engine/Content/Functions/Engine_MaterialFunctions02/WorldPositionOffset/V2/ObjectScale.uasset" 630
"../../../Engine/Content/Functions/Engine_MaterialFunctions02/WorldPositionOffset/V2/ObjectScale.uexp" 631
"../../../Engine/Plugins/Interchange/Runtime/Content/gltf/MaterialFunctions/MF_TransmissionOpacity.uasset" 632
"../../../Engine/Plugins/Interchange/Runtime/Content/gltf/MaterialFunctions/MF_TransmissionOpacity.uexp" 633
"../../../Engine/Plugins/Interchange/Runtime/Content/gltf/MaterialFunctions/MF_RotateV2.uasset" 634
"../../../Engine/Plugins/Interchange/Runtime/Content/gltf/MaterialFunctions/MF_RotateV2.uexp" 635
"../../../Engine/Plugins/Interchange/Runtime/Content/gltf/MaterialFunctions/MF_TransformUVs.uasset" 636
"../../../Engine/Plugins/Interchange/Runtime/Content/gltf/MaterialFunctions/MF_TransformUVs.uexp" 637
"../../../Engine/Plugins/Interchange/Runtime/Content/gltf/Textures/T_White_srgb.uasset" 638
"../../../Engine/Plugins/Interchange/Runtime/Content/gltf/Textures/T_White_srgb.uexp" 639
"../../../Engine/Plugins/Interchange/Runtime/Content/gltf/MaterialFunctions/MF_BaseColor.uasset" 640
"../../../Engine/Plugins/Interchange/Runtime/Content/gltf/MaterialFunctions/MF_BaseColor.uexp" 641
"../../../Engine/Plugins/Interchange/Runtime/Content/gltf/MaterialFunctions/MF_DiffuseSpecGloss.uasset" 642
"../../../Engine/Plugins/Interchange/Runtime/Content/gltf/MaterialFunctions/MF_DiffuseSpecGloss.uexp" 643
"../../../Engine/Plugins/Interchange/Runtime/Content/gltf/Textures/T_White_Linear.uasset" 644
"../../../Engine/Plugins/Interchange/Runtime/Content/gltf/Textures/T_White_Linear.uexp" 645
"../../../Engine/Plugins/Interchange/Runtime/Content/gltf/MaterialFunctions/MF_MetallicRoughness.uasset" 646
"../../../Engine/Plugins/Interchange/Runtime/Content/gltf/MaterialFunctions/MF_MetallicRoughness.uexp" 647
"../../../Engine/Plugins/Interchange/Runtime/Content/gltf/MaterialFunctions/MF_Transmission.uasset" 648
"../../../Engine/Plugins/Interchange/Runtime/Content/gltf/MaterialFunctions/MF_Transmission.uexp" 649
"../../../Engine/Plugins/Interchange/Runtime/Content/gltf/MaterialFunctions/MF_Occlusion.uasset" 650
"../../../Engine/Plugins/Interchange/Runtime/Content/gltf/MaterialFunctions/MF_Occlusion.uexp" 651
"../../../Engine/Plugins/Interchange/Runtime/Content/gltf/MaterialFunctions/MF_Specular.uasset" 652
"../../../Engine/Plugins/Interchange/Runtime/Content/gltf/MaterialFunctions/MF_Specular.uexp" 653
"../../../Engine/Plugins/Interchange/Runtime/Content/gltf/MaterialFunctions/MF_IOR.uasset" 654
"../../../Engine/Plugins/Interchange/Runtime/Content/gltf/MaterialFunctions/MF_IOR.uexp" 655
"../../../Engine/Content/Functions/Engine_MaterialFunctions01/Texturing/FlattenNormal.uasset" 656
"../../../Engine/Content/Functions/Engine_MaterialFunctions01/Texturing/FlattenNormal.uexp" 657
"../../../Engine/Content/Functions/Engine_MaterialFunctions02/Math/Transform3x3Matrix.uasset" 658
"../../../Engine/Content/Functions/Engine_MaterialFunctions02/Math/Transform3x3Matrix.uexp" 659
"../../../Engine/Plugins/Interchange/Runtime/Content/gltf/MaterialFunctions/MF_RotateNormals_TS.uasset" 660
"../../../Engine/Plugins/Interchange/Runtime/Content/gltf/MaterialFunctions/MF_RotateNormals_TS.uexp" 661
"../../../Engine/Plugins/Interchange/Runtime/Content/gltf/Textures/T_Generic_N.uasset" 662
"../../../Engine/Plugins/Interchange/Runtime/Content/gltf/Textures/T_Generic_N.uexp" 663
"../../../Engine/Plugins/Interchange/Runtime/Content/gltf/MaterialFunctions/MF_Normals.uasset" 664
"../../../Engine/Plugins/Interchange/Runtime/Content/gltf/MaterialFunctions/MF_Normals.uexp" 665
"../../../Engine/Plugins/Interchange/Runtime/Content/gltf/MaterialFunctions/MF_PerceivedBrightness.uasset" 666
"../../../Engine/Plugins/Interchange/Runtime/Content/gltf/MaterialFunctions/MF_PerceivedBrightness.uexp" 667
"../../../Engine/Plugins/Interchange/Runtime/Content/gltf/MaterialFunctions/MF_SpecGlossToMetalRoughness.uasset" 668
"../../../Engine/Plugins/Interchange/Runtime/Content/gltf/MaterialFunctions/MF_SpecGlossToMetalRoughness.uexp" 669
"../../../Engine/Plugins/Interchange/Runtime/Content/gltf/M_Transmission.uasset" 670
"../../../Engine/Plugins/Interchange/Runtime/Content/gltf/M_Transmission.uexp" 671
"../../../Engine/Plugins/Interchange/Runtime/Content/gltf/MaterialInstances_MR/MI_Transmission_TS.uasset" 672
"../../../Engine/Plugins/Interchange/Runtime/Content/gltf/MaterialInstances_MR/MI_Transmission_TS.uexp" 673
"../../../Engine/Plugins/Interchange/Runtime/Content/gltf/MaterialInstances_MR/MI_Transmission.uasset" 674
"../../../Engine/Plugins/Interchange/Runtime/Content/gltf/MaterialInstances_MR/MI_Transmission.uexp" 675
"../../../Engine/Plugins/Interchange/Runtime/Content/gltf/MaterialFunctions/MF_Clearcoat.uasset" 676
"../../../Engine/Plugins/Interchange/Runtime/Content/gltf/MaterialFunctions/MF_Clearcoat.uexp" 677
"../../../Engine/Plugins/Interchange/Runtime/Content/gltf/MaterialFunctions/MF_Emissive.uasset" 678
"../../../Engine/Plugins/Interchange/Runtime/Content/gltf/MaterialFunctions/MF_Emissive.uexp" 679
"../../../Engine/Plugins/Interchange/Runtime/Content/gltf/M_Translucent.uasset" 680
"../../../Engine/Plugins/Interchange/Runtime/Content/gltf/M_Translucent.uexp" 681
"../../../Engine/Plugins/Interchange/Runtime/Content/gltf/MaterialInstances_MR/MI_Translucent_TS.uasset" 682
"../../../Engine/Plugins/Interchange/Runtime/Content/gltf/MaterialInstances_MR/MI_Translucent_TS.uexp" 683
"../../../Engine/Plugins/Interchange/Runtime/Content/gltf/MaterialInstances_MR/MI_Translucent_ClearCoat_TS.uasset" 684
"../../../Engine/Plugins/Interchange/Runtime/Content/gltf/MaterialInstances_MR/MI_Translucent_ClearCoat_TS.uexp" 685
"../../../Engine/Plugins/Interchange/Runtime/Content/gltf/MaterialInstances_MR/MI_Translucent_ClearCoat.uasset" 686
"../../../Engine/Plugins/Interchange/Runtime/Content/gltf/MaterialInstances_MR/MI_Translucent_ClearCoat.uexp" 687
"../../../Engine/Plugins/Interchange/Runtime/Content/gltf/MaterialInstances_MR/MI_Translucent.uasset" 688
"../../../Engine/Plugins/Interchange/Runtime/Content/gltf/MaterialInstances_MR/MI_Translucent.uexp" 689
"../../../Engine/Plugins/Interchange/Runtime/Content/gltf/M_Unlit.uasset" 690
"../../../Engine/Plugins/Interchange/Runtime/Content/gltf/M_Unlit.uexp" 691
"../../../Engine/Plugins/Interchange/Runtime/Content/gltf/MaterialInstances_MR/MI_Opaque_Unlit_TS.uasset" 692
"../../../Engine/Plugins/Interchange/Runtime/Content/gltf/MaterialInstances_MR/MI_Opaque_Unlit_TS.uexp" 693
"../../../Engine/Plugins/Interchange/Runtime/Content/gltf/MaterialInstances_MR/MI_Opaque_Unlit.uasset" 694
"../../../Engine/Plugins/Interchange/Runtime/Content/gltf/MaterialInstances_MR/MI_Opaque_Unlit.uexp" 695
"../../../Engine/Plugins/Interchange/Runtime/Content/gltf/M_Opaque.uasset" 696
"../../../Engine/Plugins/Interchange/Runtime/Content/gltf/M_Opaque.uexp" 697
"../../../Engine/Plugins/Interchange/Runtime/Content/gltf/MaterialInstances_MR/MI_Opaque_TS.uasset" 698
"../../../Engine/Plugins/Interchange/Runtime/Content/gltf/MaterialInstances_MR/MI_Opaque_TS.uexp" 699
"../../../Engine/Plugins/Interchange/Runtime/Content/gltf/MaterialFunctions/MF_Sheen.uasset" 700
"../../../Engine/Plugins/Interchange/Runtime/Content/gltf/MaterialFunctions/MF_Sheen.uexp" 701
"../../../Engine/Content/Functions/Engine_MaterialFunctions01/Shading/FuzzyShading.uasset" 702
"../../../Engine/Content/Functions/Engine_MaterialFunctions01/Shading/FuzzyShading.uexp" 703
"../../../Engine/Plugins/Interchange/Runtime/Content/gltf/M_Sheen.uasset" 704
"../../../Engine/Plugins/Interchange/Runtime/Content/gltf/M_Sheen.uexp" 705
"../../../Engine/Plugins/Interchange/Runtime/Content/gltf/MaterialInstances_MR/MI_Opaque_Sheen_TS.uasset" 706
"../../../Engine/Plugins/Interchange/Runtime/Content/gltf/MaterialInstances_MR/MI_Opaque_Sheen_TS.uexp" 707
"../../../Engine/Plugins/Interchange/Runtime/Content/gltf/MaterialInstances_MR/MI_Opaque_Sheen.uasset" 708
"../../../Engine/Plugins/Interchange/Runtime/Content/gltf/MaterialInstances_MR/MI_Opaque_Sheen.uexp" 709
"../../../Engine/Plugins/Interchange/Runtime/Content/gltf/MaterialInstances_MR/MI_Opaque_ClearCoat_TS.uasset" 710
"../../../Engine/Plugins/Interchange/Runtime/Content/gltf/MaterialInstances_MR/MI_Opaque_ClearCoat_TS.uexp" 711
"../../../Engine/Plugins/Interchange/Runtime/Content/gltf/MaterialInstances_MR/MI_Opaque_ClearCoat.uasset" 712
"../../../Engine/Plugins/Interchange/Runtime/Content/gltf/MaterialInstances_MR/MI_Opaque_ClearCoat.uexp" 713
"../../../Engine/Plugins/Interchange/Runtime/Content/gltf/MaterialInstances_MR/MI_Opaque.uasset" 714
"../../../Engine/Plugins/Interchange/Runtime/Content/gltf/MaterialInstances_MR/MI_Opaque.uexp" 715
"../../../Engine/Plugins/Interchange/Runtime/Content/gltf/MaterialInstances_SG/MI_Transmission_TS.uasset" 716
"../../../Engine/Plugins/Interchange/Runtime/Content/gltf/MaterialInstances_SG/MI_Transmission_TS.uexp" 717
"../../../Engine/Plugins/Interchange/Runtime/Content/gltf/MaterialInstances_SG/MI_Transmission.uasset" 718
"../../../Engine/Plugins/Interchange/Runtime/Content/gltf/MaterialInstances_SG/MI_Transmission.uexp" 719
"../../../Engine/Plugins/Interchange/Runtime/Content/gltf/MaterialInstances_SG/MI_Translucent_TS.uasset" 720
"../../../Engine/Plugins/Interchange/Runtime/Content/gltf/MaterialInstances_SG/MI_Translucent_TS.uexp" 721
"../../../Engine/Plugins/Interchange/Runtime/Content/gltf/MaterialInstances_SG/MI_Translucent_ClearCoat_TS.uasset" 722
"../../../Engine/Plugins/Interchange/Runtime/Content/gltf/MaterialInstances_SG/MI_Translucent_ClearCoat_TS.uexp" 723
"../../../Engine/Plugins/Interchange/Runtime/Content/gltf/MaterialInstances_SG/MI_Translucent_ClearCoat.uasset" 724
"../../../Engine/Plugins/Interchange/Runtime/Content/gltf/MaterialInstances_SG/MI_Translucent_ClearCoat.uexp" 725
"../../../Engine/Plugins/Interchange/Runtime/Content/gltf/MaterialInstances_SG/MI_Translucent.uasset" 726
"../../../Engine/Plugins/Interchange/Runtime/Content/gltf/MaterialInstances_SG/MI_Translucent.uexp" 727
"../../../Engine/Plugins/Interchange/Runtime/Content/gltf/MaterialInstances_SG/MI_Opaque_TS.uasset" 728
"../../../Engine/Plugins/Interchange/Runtime/Content/gltf/MaterialInstances_SG/MI_Opaque_TS.uexp" 729
"../../../Engine/Plugins/Interchange/Runtime/Content/gltf/MaterialInstances_SG/MI_Opaque_Sheen_TS.uasset" 730
"../../../Engine/Plugins/Interchange/Runtime/Content/gltf/MaterialInstances_SG/MI_Opaque_Sheen_TS.uexp" 731
"../../../Engine/Plugins/Interchange/Runtime/Content/gltf/MaterialInstances_SG/MI_Opaque_Sheen.uasset" 732
"../../../Engine/Plugins/Interchange/Runtime/Content/gltf/MaterialInstances_SG/MI_Opaque_Sheen.uexp" 733
"../../../Engine/Plugins/Interchange/Runtime/Content/gltf/MaterialInstances_SG/MI_Opaque_ClearCoat_TS.uasset" 734
"../../../Engine/Plugins/Interchange/Runtime/Content/gltf/MaterialInstances_SG/MI_Opaque_ClearCoat_TS.uexp" 735
"../../../Engine/Plugins/Interchange/Runtime/Content/gltf/MaterialInstances_SG/MI_Opaque_ClearCoat.uasset" 736
"../../../Engine/Plugins/Interchange/Runtime/Content/gltf/MaterialInstances_SG/MI_Opaque_ClearCoat.uexp" 737
"../../../Engine/Plugins/Interchange/Runtime/Content/gltf/MaterialInstances_SG/MI_Opaque.uasset" 738
"../../../Engine/Plugins/Interchange/Runtime/Content/gltf/MaterialInstances_SG/MI_Opaque.uexp" 739
"D:/UE5Projects/MultiplayGame/Content/Maps/TransitionMap.uexp" 740
"D:/UE5Projects/MultiplayGame/Content/Maps/TransitionMap.umap" 741
"../../../Engine/Content/EngineMaterials/BlendFunc_DefBlend.uasset" 742
"../../../Engine/Content/EngineMaterials/BlendFunc_DefBlend.uexp" 743
"../../../Engine/Content/EngineMaterials/BlendFunc_DefBase.uasset" 744
"../../../Engine/Content/EngineMaterials/BlendFunc_DefBase.uexp" 745
"../../../Engine/Content/Functions/Engine_MaterialFunctions03/Blends/Blend_Overlay.uasset" 746
"../../../Engine/Content/Functions/Engine_MaterialFunctions03/Blends/Blend_Overlay.uexp" 747
"../../../Engine/Content/OpenWorldTemplate/LandscapeMaterial/T_GridChecker_A.ubulk" 748
"../../../Engine/Content/OpenWorldTemplate/LandscapeMaterial/T_GridChecker_A.uasset" 749
"../../../Engine/Content/OpenWorldTemplate/LandscapeMaterial/T_GridChecker_A.uexp" 750
"../../../Engine/Content/Functions/Engine_MaterialFunctions01/Gradient/LinearGradient.uasset" 751
"../../../Engine/Content/Functions/Engine_MaterialFunctions01/Gradient/LinearGradient.uexp" 752
"../../../Engine/Content/Functions/Engine_MaterialFunctions01/ImageAdjustment/CheapContrast.uasset" 753
"../../../Engine/Content/Functions/Engine_MaterialFunctions01/ImageAdjustment/CheapContrast.uexp" 754
"../../../Engine/Content/OpenWorldTemplate/LandscapeMaterial/MF_ProcGrid.uasset" 755
"../../../Engine/Content/OpenWorldTemplate/LandscapeMaterial/MF_ProcGrid.uexp" 756
"../../../Engine/Content/OpenWorldTemplate/LandscapeMaterial/M_ProcGrid.uasset" 757
"../../../Engine/Content/OpenWorldTemplate/LandscapeMaterial/M_ProcGrid.uexp" 758
"../../../Engine/Content/OpenWorldTemplate/LandscapeMaterial/MI_ProcGrid.uasset" 759
"../../../Engine/Content/OpenWorldTemplate/LandscapeMaterial/MI_ProcGrid.uexp" 760
"../../../Engine/Content/EngineSky/T_Sky_Stars.ubulk" 761
"../../../Engine/Content/EngineSky/T_Sky_Stars.uasset" 762
"../../../Engine/Content/EngineSky/T_Sky_Stars.uexp" 763
"../../../Engine/Content/EngineSky/T_Sky_Clouds_M.ubulk" 764
"../../../Engine/Content/EngineSky/T_Sky_Clouds_M.uasset" 765
"../../../Engine/Content/EngineSky/T_Sky_Clouds_M.uexp" 766
"../../../Engine/Content/EngineSky/T_Sky_Blue.ubulk" 767
"../../../Engine/Content/EngineSky/T_Sky_Blue.uasset" 768
"../../../Engine/Content/EngineSky/T_Sky_Blue.uexp" 769
"../../../Engine/Content/EngineSky/M_Sky_Panning_Clouds2.uasset" 770
"../../../Engine/Content/EngineSky/M_Sky_Panning_Clouds2.uexp" 771
"../../../Engine/Content/EngineSky/SM_SkySphere.ubulk" 772
"../../../Engine/Content/EngineSky/SM_SkySphere.uasset" 773
"../../../Engine/Content/EngineSky/SM_SkySphere.uexp" 774
"../../../Engine/Content/MapTemplates/SM_Template_Map_Floor.ubulk" 775
"../../../Engine/Content/MapTemplates/SM_Template_Map_Floor.uasset" 776
"../../../Engine/Content/MapTemplates/SM_Template_Map_Floor.uexp" 777
"D:/UE5Projects/MultiplayGame/Content/Blueprints/Character/Input/Actions/IA_Move.uasset" 778
"D:/UE5Projects/MultiplayGame/Content/Blueprints/Character/Input/Actions/IA_Move.uexp" 779
"D:/UE5Projects/MultiplayGame/Content/Blueprints/HUD/WBP_OverheadWidget.uasset" 780
"D:/UE5Projects/MultiplayGame/Content/Blueprints/HUD/WBP_OverheadWidget.uexp" 781
"D:/UE5Projects/MultiplayGame/Content/Blueprints/Character/Input/Actions/IA_Look.uasset" 782
"D:/UE5Projects/MultiplayGame/Content/Blueprints/Character/Input/Actions/IA_Look.uexp" 783
"../../../Engine/Content/Animation/DefaultAnimCurveCompressionSettings.uasset" 784
"../../../Engine/Content/Animation/DefaultAnimCurveCompressionSettings.uexp" 785
"D:/UE5Projects/MultiplayGame/Content/Assets/SCK_Casual01/Mannequin/Character/Mesh/UE4_Mannequin_Skeleton.uasset" 786
"D:/UE5Projects/MultiplayGame/Content/Assets/SCK_Casual01/Mannequin/Character/Mesh/UE4_Mannequin_Skeleton.uexp" 787
"../../../Engine/Content/Animation/DefaultAnimBoneCompressionSettings.uasset" 788
"../../../Engine/Content/Animation/DefaultAnimBoneCompressionSettings.uexp" 789
"D:/UE5Projects/MultiplayGame/Content/Assets/SCK_Casual01/Mannequin/Animations/ThirdPersonIdle.uasset" 790
"D:/UE5Projects/MultiplayGame/Content/Assets/SCK_Casual01/Mannequin/Animations/ThirdPersonIdle.uexp" 791
"D:/UE5Projects/MultiplayGame/Content/Assets/SCK_Casual01/Mannequin/Animations/ThirdPersonJump_End.uasset" 792
"D:/UE5Projects/MultiplayGame/Content/Assets/SCK_Casual01/Mannequin/Animations/ThirdPersonJump_End.uexp" 793
"D:/UE5Projects/MultiplayGame/Content/Assets/SCK_Casual01/Mannequin/Animations/ThirdPersonJump_Start.uasset" 794
"D:/UE5Projects/MultiplayGame/Content/Assets/SCK_Casual01/Mannequin/Animations/ThirdPersonJump_Start.uexp" 795
"D:/UE5Projects/MultiplayGame/Content/Assets/SCK_Casual01/Mannequin/Animations/ThirdPersonWalk.uasset" 796
"D:/UE5Projects/MultiplayGame/Content/Assets/SCK_Casual01/Mannequin/Animations/ThirdPersonWalk.uexp" 797
"D:/UE5Projects/MultiplayGame/Content/Assets/SCK_Casual01/Mannequin/Animations/ThirdPersonJump_Loop.uasset" 798
"D:/UE5Projects/MultiplayGame/Content/Assets/SCK_Casual01/Mannequin/Animations/ThirdPersonJump_Loop.uexp" 799
"D:/UE5Projects/MultiplayGame/Content/Assets/SCK_Casual01/Mannequin/Animations/ThirdPersonRun.uasset" 800
"D:/UE5Projects/MultiplayGame/Content/Assets/SCK_Casual01/Mannequin/Animations/ThirdPersonRun.uexp" 801
"D:/UE5Projects/MultiplayGame/Content/Blueprints/Character/Animation/BP_MainCharacterAnimInstance.uasset" 802
"D:/UE5Projects/MultiplayGame/Content/Blueprints/Character/Animation/BP_MainCharacterAnimInstance.uexp" 803
"D:/UE5Projects/MultiplayGame/Content/Blueprints/Character/Input/Actions/IA_Jump.uasset" 804
"D:/UE5Projects/MultiplayGame/Content/Blueprints/Character/Input/Actions/IA_Jump.uexp" 805
"D:/UE5Projects/MultiplayGame/Content/Blueprints/Character/Input/Actions/IA_Esc.uasset" 806
"D:/UE5Projects/MultiplayGame/Content/Blueprints/Character/Input/Actions/IA_Esc.uexp" 807
"D:/UE5Projects/MultiplayGame/Content/Blueprints/Character/Input/Actions/IA_Crouch.uasset" 808
"D:/UE5Projects/MultiplayGame/Content/Blueprints/Character/Input/Actions/IA_Crouch.uexp" 809
"D:/UE5Projects/MultiplayGame/Content/Blueprints/Character/Input/Actions/IA_Fire.uasset" 810
"D:/UE5Projects/MultiplayGame/Content/Blueprints/Character/Input/Actions/IA_Fire.uexp" 811
"D:/UE5Projects/MultiplayGame/Content/Blueprints/Character/Input/IMC_MainCharacter.uasset" 812
"D:/UE5Projects/MultiplayGame/Content/Blueprints/Character/Input/IMC_MainCharacter.uexp" 813
"D:/UE5Projects/MultiplayGame/Content/Assets/SCK_Casual01/Textures/L_01/TEX_L_01_R.ubulk" 814
"D:/UE5Projects/MultiplayGame/Content/Assets/SCK_Casual01/Textures/L_01/TEX_L_01_R.uasset" 815
"D:/UE5Projects/MultiplayGame/Content/Assets/SCK_Casual01/Textures/L_01/TEX_L_01_R.uexp" 816
"D:/UE5Projects/MultiplayGame/Content/Assets/SCK_Casual01/Textures/L_01/TEX_L_01_S.ubulk" 817
"D:/UE5Projects/MultiplayGame/Content/Assets/SCK_Casual01/Textures/L_01/TEX_L_01_S.uasset" 818
"D:/UE5Projects/MultiplayGame/Content/Assets/SCK_Casual01/Textures/L_01/TEX_L_01_S.uexp" 819
"D:/UE5Projects/MultiplayGame/Content/Assets/SCK_Casual01/Textures/L_01/TEX_L_01_M.ubulk" 820
"D:/UE5Projects/MultiplayGame/Content/Assets/SCK_Casual01/Textures/L_01/TEX_L_01_M.uasset" 821
"D:/UE5Projects/MultiplayGame/Content/Assets/SCK_Casual01/Textures/L_01/TEX_L_01_M.uexp" 822
"../../../Engine/Content/EngineMaterials/Good64x64TilingNoiseHighFreq.uasset" 823
"../../../Engine/Content/EngineMaterials/Good64x64TilingNoiseHighFreq.uexp" 824
"../../../Engine/Content/Functions/Engine_MaterialFunctions02/Utility/DitherTemporalAA.uasset" 825
"../../../Engine/Content/Functions/Engine_MaterialFunctions02/Utility/DitherTemporalAA.uexp" 826
"D:/UE5Projects/MultiplayGame/Content/Assets/SCK_Casual01/Textures/L_01/TEX_L_01_N.ubulk" 827
"D:/UE5Projects/MultiplayGame/Content/Assets/SCK_Casual01/Textures/L_01/TEX_L_01_N.uasset" 828
"D:/UE5Projects/MultiplayGame/Content/Assets/SCK_Casual01/Textures/L_01/TEX_L_01_N.uexp" 829
"D:/UE5Projects/MultiplayGame/Content/Assets/SCK_Casual01/Textures/L_01/TEX_L_01_D_1.ubulk" 830
"D:/UE5Projects/MultiplayGame/Content/Assets/SCK_Casual01/Textures/L_01/TEX_L_01_D_1.uasset" 831
"D:/UE5Projects/MultiplayGame/Content/Assets/SCK_Casual01/Textures/L_01/TEX_L_01_D_1.uexp" 832
"D:/UE5Projects/MultiplayGame/Content/Assets/SCK_Casual01/Materials/Master_Materials/MAT_L_01.uasset" 833
"D:/UE5Projects/MultiplayGame/Content/Assets/SCK_Casual01/Materials/Master_Materials/MAT_L_01.uexp" 834
"D:/UE5Projects/MultiplayGame/Content/Assets/SCK_Casual01/Textures/L_01/TEX_L_01_D_4.ubulk" 835
"D:/UE5Projects/MultiplayGame/Content/Assets/SCK_Casual01/Textures/L_01/TEX_L_01_D_4.uasset" 836
"D:/UE5Projects/MultiplayGame/Content/Assets/SCK_Casual01/Textures/L_01/TEX_L_01_D_4.uexp" 837
"D:/UE5Projects/MultiplayGame/Content/Assets/SCK_Casual01/Materials/Material_Instances/Mi_L_01_4.uasset" 838
"D:/UE5Projects/MultiplayGame/Content/Assets/SCK_Casual01/Materials/Material_Instances/Mi_L_01_4.uexp" 839
"D:/UE5Projects/MultiplayGame/Content/Assets/SCK_Casual01/Textures/H_A_01/TEX_H_A_01_SC.ubulk" 840
"D:/UE5Projects/MultiplayGame/Content/Assets/SCK_Casual01/Textures/H_A_01/TEX_H_A_01_SC.uasset" 841
"D:/UE5Projects/MultiplayGame/Content/Assets/SCK_Casual01/Textures/H_A_01/TEX_H_A_01_SC.uexp" 842
"../../../Engine/Content/Functions/Engine_MaterialFunctions03/Blends/Blend_Darken.uasset" 843
"../../../Engine/Content/Functions/Engine_MaterialFunctions03/Blends/Blend_Darken.uexp" 844
"D:/UE5Projects/MultiplayGame/Content/Assets/SCK_Casual01/Textures/H_A_01/TEX_H_A_01_N.ubulk" 845
"D:/UE5Projects/MultiplayGame/Content/Assets/SCK_Casual01/Textures/H_A_01/TEX_H_A_01_N.uasset" 846
"D:/UE5Projects/MultiplayGame/Content/Assets/SCK_Casual01/Textures/H_A_01/TEX_H_A_01_N.uexp" 847
"D:/UE5Projects/MultiplayGame/Content/Assets/SCK_Casual01/Textures/H_A_01/TEX_H_A_01_M.ubulk" 848
"D:/UE5Projects/MultiplayGame/Content/Assets/SCK_Casual01/Textures/H_A_01/TEX_H_A_01_M.uasset" 849
"D:/UE5Projects/MultiplayGame/Content/Assets/SCK_Casual01/Textures/H_A_01/TEX_H_A_01_M.uexp" 850
"D:/UE5Projects/MultiplayGame/Content/Assets/SCK_Casual01/Textures/H_A_01/TEX_H_A_01_R.ubulk" 851
"D:/UE5Projects/MultiplayGame/Content/Assets/SCK_Casual01/Textures/H_A_01/TEX_H_A_01_R.uasset" 852
"D:/UE5Projects/MultiplayGame/Content/Assets/SCK_Casual01/Textures/H_A_01/TEX_H_A_01_R.uexp" 853
"D:/UE5Projects/MultiplayGame/Content/Assets/SCK_Casual01/Textures/H_A_01/TEX_H_A_01_S.ubulk" 854
"D:/UE5Projects/MultiplayGame/Content/Assets/SCK_Casual01/Textures/H_A_01/TEX_H_A_01_S.uasset" 855
"D:/UE5Projects/MultiplayGame/Content/Assets/SCK_Casual01/Textures/H_A_01/TEX_H_A_01_S.uexp" 856
"D:/UE5Projects/MultiplayGame/Content/Assets/SCK_Casual01/Textures/H_A_01/TEX_H_A_01_D.ubulk" 857
"D:/UE5Projects/MultiplayGame/Content/Assets/SCK_Casual01/Textures/H_A_01/TEX_H_A_01_D.uasset" 858
"D:/UE5Projects/MultiplayGame/Content/Assets/SCK_Casual01/Textures/H_A_01/TEX_H_A_01_D.uexp" 859
"D:/UE5Projects/MultiplayGame/Content/Assets/SCK_Casual01/Materials/Master_Materials/MAT_H_A1.uasset" 860
"D:/UE5Projects/MultiplayGame/Content/Assets/SCK_Casual01/Materials/Master_Materials/MAT_H_A1.uexp" 861
"D:/UE5Projects/MultiplayGame/Content/Assets/SCK_Casual01/Textures/A_01/TEX_A_01_D_5.ubulk" 862
"D:/UE5Projects/MultiplayGame/Content/Assets/SCK_Casual01/Textures/A_01/TEX_A_01_D_5.uasset" 863
"D:/UE5Projects/MultiplayGame/Content/Assets/SCK_Casual01/Textures/A_01/TEX_A_01_D_5.uexp" 864
"D:/UE5Projects/MultiplayGame/Content/Assets/SCK_Casual01/Textures/A_01/TEX_A_01_R.ubulk" 865
"D:/UE5Projects/MultiplayGame/Content/Assets/SCK_Casual01/Textures/A_01/TEX_A_01_R.uasset" 866
"D:/UE5Projects/MultiplayGame/Content/Assets/SCK_Casual01/Textures/A_01/TEX_A_01_R.uexp" 867
"D:/UE5Projects/MultiplayGame/Content/Assets/SCK_Casual01/Textures/A_01/TEX_A_01_D_1.ubulk" 868
"D:/UE5Projects/MultiplayGame/Content/Assets/SCK_Casual01/Textures/A_01/TEX_A_01_D_1.uasset" 869
"D:/UE5Projects/MultiplayGame/Content/Assets/SCK_Casual01/Textures/A_01/TEX_A_01_D_1.uexp" 870
"D:/UE5Projects/MultiplayGame/Content/Assets/SCK_Casual01/Textures/A_01/TEX_A_01_N.ubulk" 871
"D:/UE5Projects/MultiplayGame/Content/Assets/SCK_Casual01/Textures/A_01/TEX_A_01_N.uasset" 872
"D:/UE5Projects/MultiplayGame/Content/Assets/SCK_Casual01/Textures/A_01/TEX_A_01_N.uexp" 873
"D:/UE5Projects/MultiplayGame/Content/Assets/SCK_Casual01/Textures/A_01/TEX_A_01_S.ubulk" 874
"D:/UE5Projects/MultiplayGame/Content/Assets/SCK_Casual01/Textures/A_01/TEX_A_01_S.uasset" 875
"D:/UE5Projects/MultiplayGame/Content/Assets/SCK_Casual01/Textures/A_01/TEX_A_01_S.uexp" 876
"D:/UE5Projects/MultiplayGame/Content/Assets/SCK_Casual01/Textures/A_01/TEX_A_01_M.ubulk" 877
"D:/UE5Projects/MultiplayGame/Content/Assets/SCK_Casual01/Textures/A_01/TEX_A_01_M.uasset" 878
"D:/UE5Projects/MultiplayGame/Content/Assets/SCK_Casual01/Textures/A_01/TEX_A_01_M.uexp" 879
"D:/UE5Projects/MultiplayGame/Content/Assets/SCK_Casual01/Materials/Master_Materials/MAT_A_01.uasset" 880
"D:/UE5Projects/MultiplayGame/Content/Assets/SCK_Casual01/Materials/Master_Materials/MAT_A_01.uexp" 881
"D:/UE5Projects/MultiplayGame/Content/Assets/SCK_Casual01/Materials/Material_Instances/Mi_A_01_5.uasset" 882
"D:/UE5Projects/MultiplayGame/Content/Assets/SCK_Casual01/Materials/Material_Instances/Mi_A_01_5.uexp" 883
"D:/UE5Projects/MultiplayGame/Content/Assets/SCK_Casual01/Textures/T_03/TEX_T_03_N.ubulk" 884
"D:/UE5Projects/MultiplayGame/Content/Assets/SCK_Casual01/Textures/T_03/TEX_T_03_N.uasset" 885
"D:/UE5Projects/MultiplayGame/Content/Assets/SCK_Casual01/Textures/T_03/TEX_T_03_N.uexp" 886
"D:/UE5Projects/MultiplayGame/Content/Assets/SCK_Casual01/Textures/T_03/TEX_T_03_SC.ubulk" 887
"D:/UE5Projects/MultiplayGame/Content/Assets/SCK_Casual01/Textures/T_03/TEX_T_03_SC.uasset" 888
"D:/UE5Projects/MultiplayGame/Content/Assets/SCK_Casual01/Textures/T_03/TEX_T_03_SC.uexp" 889
"D:/UE5Projects/MultiplayGame/Content/Assets/SCK_Casual01/Textures/T_03/TEX_T_03_S.ubulk" 890
"D:/UE5Projects/MultiplayGame/Content/Assets/SCK_Casual01/Textures/T_03/TEX_T_03_S.uasset" 891
"D:/UE5Projects/MultiplayGame/Content/Assets/SCK_Casual01/Textures/T_03/TEX_T_03_S.uexp" 892
"D:/UE5Projects/MultiplayGame/Content/Assets/SCK_Casual01/Textures/T_03/TEX_T_03_D_1.ubulk" 893
"D:/UE5Projects/MultiplayGame/Content/Assets/SCK_Casual01/Textures/T_03/TEX_T_03_D_1.uasset" 894
"D:/UE5Projects/MultiplayGame/Content/Assets/SCK_Casual01/Textures/T_03/TEX_T_03_D_1.uexp" 895
"D:/UE5Projects/MultiplayGame/Content/Assets/SCK_Casual01/Textures/T_03/TEX_T_03_R.ubulk" 896
"D:/UE5Projects/MultiplayGame/Content/Assets/SCK_Casual01/Textures/T_03/TEX_T_03_R.uasset" 897
"D:/UE5Projects/MultiplayGame/Content/Assets/SCK_Casual01/Textures/T_03/TEX_T_03_R.uexp" 898
"D:/UE5Projects/MultiplayGame/Content/Assets/SCK_Casual01/Textures/T_03/TEX_T_03_M.ubulk" 899
"D:/UE5Projects/MultiplayGame/Content/Assets/SCK_Casual01/Textures/T_03/TEX_T_03_M.uasset" 900
"D:/UE5Projects/MultiplayGame/Content/Assets/SCK_Casual01/Textures/T_03/TEX_T_03_M.uexp" 901
"D:/UE5Projects/MultiplayGame/Content/Assets/SCK_Casual01/Materials/Master_Materials/MAT_T_03.uasset" 902
"D:/UE5Projects/MultiplayGame/Content/Assets/SCK_Casual01/Materials/Master_Materials/MAT_T_03.uexp" 903
"D:/UE5Projects/MultiplayGame/Content/Assets/SCK_Casual01/Textures/T_03/TEX_T_03_D_2.ubulk" 904
"D:/UE5Projects/MultiplayGame/Content/Assets/SCK_Casual01/Textures/T_03/TEX_T_03_D_2.uasset" 905
"D:/UE5Projects/MultiplayGame/Content/Assets/SCK_Casual01/Textures/T_03/TEX_T_03_D_2.uexp" 906
"D:/UE5Projects/MultiplayGame/Content/Assets/SCK_Casual01/Materials/Material_Instances/Mi_T_03_2.uasset" 907
"D:/UE5Projects/MultiplayGame/Content/Assets/SCK_Casual01/Materials/Material_Instances/Mi_T_03_2.uexp" 908
"D:/UE5Projects/MultiplayGame/Content/Assets/SCK_Casual01/Textures/A_02/TEX_A_02_D_3.ubulk" 909
"D:/UE5Projects/MultiplayGame/Content/Assets/SCK_Casual01/Textures/A_02/TEX_A_02_D_3.uasset" 910
"D:/UE5Projects/MultiplayGame/Content/Assets/SCK_Casual01/Textures/A_02/TEX_A_02_D_3.uexp" 911
"D:/UE5Projects/MultiplayGame/Content/Assets/SCK_Casual01/Textures/A_02/TEX_A_02_D_1.ubulk" 912
"D:/UE5Projects/MultiplayGame/Content/Assets/SCK_Casual01/Textures/A_02/TEX_A_02_D_1.uasset" 913
"D:/UE5Projects/MultiplayGame/Content/Assets/SCK_Casual01/Textures/A_02/TEX_A_02_D_1.uexp" 914
"D:/UE5Projects/MultiplayGame/Content/Assets/SCK_Casual01/Textures/A_02/TEX_A_02_R.ubulk" 915
"D:/UE5Projects/MultiplayGame/Content/Assets/SCK_Casual01/Textures/A_02/TEX_A_02_R.uasset" 916
"D:/UE5Projects/MultiplayGame/Content/Assets/SCK_Casual01/Textures/A_02/TEX_A_02_R.uexp" 917
"D:/UE5Projects/MultiplayGame/Content/Assets/SCK_Casual01/Textures/A_02/TEX_A_02_N.ubulk" 918
"D:/UE5Projects/MultiplayGame/Content/Assets/SCK_Casual01/Textures/A_02/TEX_A_02_N.uasset" 919
"D:/UE5Projects/MultiplayGame/Content/Assets/SCK_Casual01/Textures/A_02/TEX_A_02_N.uexp" 920
"D:/UE5Projects/MultiplayGame/Content/Assets/SCK_Casual01/Textures/A_02/TEX_A_02_S.ubulk" 921
"D:/UE5Projects/MultiplayGame/Content/Assets/SCK_Casual01/Textures/A_02/TEX_A_02_S.uasset" 922
"D:/UE5Projects/MultiplayGame/Content/Assets/SCK_Casual01/Textures/A_02/TEX_A_02_S.uexp" 923
"D:/UE5Projects/MultiplayGame/Content/Assets/SCK_Casual01/Textures/A_02/TEX_A_02_M.ubulk" 924
"D:/UE5Projects/MultiplayGame/Content/Assets/SCK_Casual01/Textures/A_02/TEX_A_02_M.uasset" 925
"D:/UE5Projects/MultiplayGame/Content/Assets/SCK_Casual01/Textures/A_02/TEX_A_02_M.uexp" 926
"D:/UE5Projects/MultiplayGame/Content/Assets/SCK_Casual01/Materials/Master_Materials/MAT_A_02.uasset" 927
"D:/UE5Projects/MultiplayGame/Content/Assets/SCK_Casual01/Materials/Master_Materials/MAT_A_02.uexp" 928
"D:/UE5Projects/MultiplayGame/Content/Assets/SCK_Casual01/Materials/Material_Instances/Mi_A_02_3.uasset" 929
"D:/UE5Projects/MultiplayGame/Content/Assets/SCK_Casual01/Materials/Material_Instances/Mi_A_02_3.uexp" 930
"D:/UE5Projects/MultiplayGame/Content/Assets/SCK_Casual01/Textures/P_00/TEX_P_00_R.ubulk" 931
"D:/UE5Projects/MultiplayGame/Content/Assets/SCK_Casual01/Textures/P_00/TEX_P_00_R.uasset" 932
"D:/UE5Projects/MultiplayGame/Content/Assets/SCK_Casual01/Textures/P_00/TEX_P_00_R.uexp" 933
"D:/UE5Projects/MultiplayGame/Content/Assets/SCK_Casual01/Textures/P_00/TEX_P_00_S.ubulk" 934
"D:/UE5Projects/MultiplayGame/Content/Assets/SCK_Casual01/Textures/P_00/TEX_P_00_S.uasset" 935
"D:/UE5Projects/MultiplayGame/Content/Assets/SCK_Casual01/Textures/P_00/TEX_P_00_S.uexp" 936
"D:/UE5Projects/MultiplayGame/Content/Assets/SCK_Casual01/Textures/P_00/TEX_P_00_D_A.ubulk" 937
"D:/UE5Projects/MultiplayGame/Content/Assets/SCK_Casual01/Textures/P_00/TEX_P_00_D_A.uasset" 938
"D:/UE5Projects/MultiplayGame/Content/Assets/SCK_Casual01/Textures/P_00/TEX_P_00_D_A.uexp" 939
"D:/UE5Projects/MultiplayGame/Content/Assets/SCK_Casual01/Textures/P_00/TEX_P_00_N.ubulk" 940
"D:/UE5Projects/MultiplayGame/Content/Assets/SCK_Casual01/Textures/P_00/TEX_P_00_N.uasset" 941
"D:/UE5Projects/MultiplayGame/Content/Assets/SCK_Casual01/Textures/P_00/TEX_P_00_N.uexp" 942
"D:/UE5Projects/MultiplayGame/Content/Assets/SCK_Casual01/Textures/P_00/TEX_P_00_SC.ubulk" 943
"D:/UE5Projects/MultiplayGame/Content/Assets/SCK_Casual01/Textures/P_00/TEX_P_00_SC.uasset" 944
"D:/UE5Projects/MultiplayGame/Content/Assets/SCK_Casual01/Textures/P_00/TEX_P_00_SC.uexp" 945
"D:/UE5Projects/MultiplayGame/Content/Assets/SCK_Casual01/Textures/P_00/TEX_P_00_M.ubulk" 946
"D:/UE5Projects/MultiplayGame/Content/Assets/SCK_Casual01/Textures/P_00/TEX_P_00_M.uasset" 947
"D:/UE5Projects/MultiplayGame/Content/Assets/SCK_Casual01/Textures/P_00/TEX_P_00_M.uexp" 948
"D:/UE5Projects/MultiplayGame/Content/Assets/SCK_Casual01/Materials/Master_Materials/MAT_P_00.uasset" 949
"D:/UE5Projects/MultiplayGame/Content/Assets/SCK_Casual01/Materials/Master_Materials/MAT_P_00.uexp" 950
"D:/UE5Projects/MultiplayGame/Content/Assets/SCK_Casual01/Textures/A_04/TEX_A_04_D_3.ubulk" 951
"D:/UE5Projects/MultiplayGame/Content/Assets/SCK_Casual01/Textures/A_04/TEX_A_04_D_3.uasset" 952
"D:/UE5Projects/MultiplayGame/Content/Assets/SCK_Casual01/Textures/A_04/TEX_A_04_D_3.uexp" 953
"D:/UE5Projects/MultiplayGame/Content/Assets/SCK_Casual01/Textures/A_04/TEX_A_04_R.ubulk" 954
"D:/UE5Projects/MultiplayGame/Content/Assets/SCK_Casual01/Textures/A_04/TEX_A_04_R.uasset" 955
"D:/UE5Projects/MultiplayGame/Content/Assets/SCK_Casual01/Textures/A_04/TEX_A_04_R.uexp" 956
"D:/UE5Projects/MultiplayGame/Content/Assets/SCK_Casual01/Textures/A_04/TEX_A_04_D_1.ubulk" 957
"D:/UE5Projects/MultiplayGame/Content/Assets/SCK_Casual01/Textures/A_04/TEX_A_04_D_1.uasset" 958
"D:/UE5Projects/MultiplayGame/Content/Assets/SCK_Casual01/Textures/A_04/TEX_A_04_D_1.uexp" 959
"D:/UE5Projects/MultiplayGame/Content/Assets/SCK_Casual01/Textures/A_04/TEX_A_04_N.ubulk" 960
"D:/UE5Projects/MultiplayGame/Content/Assets/SCK_Casual01/Textures/A_04/TEX_A_04_N.uasset" 961
"D:/UE5Projects/MultiplayGame/Content/Assets/SCK_Casual01/Textures/A_04/TEX_A_04_N.uexp" 962
"D:/UE5Projects/MultiplayGame/Content/Assets/SCK_Casual01/Textures/A_04/TEX_A_04_M.ubulk" 963
"D:/UE5Projects/MultiplayGame/Content/Assets/SCK_Casual01/Textures/A_04/TEX_A_04_M.uasset" 964
"D:/UE5Projects/MultiplayGame/Content/Assets/SCK_Casual01/Textures/A_04/TEX_A_04_M.uexp" 965
"D:/UE5Projects/MultiplayGame/Content/Assets/SCK_Casual01/Textures/A_04/TEX_A_04_S.ubulk" 966
"D:/UE5Projects/MultiplayGame/Content/Assets/SCK_Casual01/Textures/A_04/TEX_A_04_S.uasset" 967
"D:/UE5Projects/MultiplayGame/Content/Assets/SCK_Casual01/Textures/A_04/TEX_A_04_S.uexp" 968
"D:/UE5Projects/MultiplayGame/Content/Assets/SCK_Casual01/Materials/Master_Materials/MAT_A_04.uasset" 969
"D:/UE5Projects/MultiplayGame/Content/Assets/SCK_Casual01/Materials/Master_Materials/MAT_A_04.uexp" 970
"D:/UE5Projects/MultiplayGame/Content/Assets/SCK_Casual01/Materials/Material_Instances/Mi_A_04_3.uasset" 971
"D:/UE5Projects/MultiplayGame/Content/Assets/SCK_Casual01/Materials/Material_Instances/Mi_A_04_3.uexp" 972
"D:/UE5Projects/MultiplayGame/Content/Assets/SCK_Casual01/Models/Premade_Characters/MESH_PC_03.uasset" 973
"D:/UE5Projects/MultiplayGame/Content/Assets/SCK_Casual01/Models/Premade_Characters/MESH_PC_03.uexp" 974
"D:/UE5Projects/MultiplayGame/Content/Blueprints/Character/BP_MainCharacter.uasset" 975
"D:/UE5Projects/MultiplayGame/Content/Blueprints/Character/BP_MainCharacter.uexp" 976
"D:/UE5Projects/MultiplayGame/Content/Blueprints/GameMode/BP_MainMapGameMode.uasset" 977
"D:/UE5Projects/MultiplayGame/Content/Blueprints/GameMode/BP_MainMapGameMode.uexp" 978
"../../../Engine/Content/EngineSky/M_SimpleSkyDome.uasset" 979
"../../../Engine/Content/EngineSky/M_SimpleSkyDome.uexp" 980
"D:/UE5Projects/MultiplayGame/Content/Maps/MainMap.uexp" 981
"D:/UE5Projects/MultiplayGame/Content/Maps/MainMap.umap" 982
"D:/UE5Projects/MultiplayGame/Content/Maps/Lobby.uexp" 983
"D:/UE5Projects/MultiplayGame/Content/Maps/Lobby.umap" 984
"D:/UE5Projects/MultiplayGame/Plugins/MultiplayerSessions/Content/WBP_Menu.uasset" 985
"D:/UE5Projects/MultiplayGame/Plugins/MultiplayerSessions/Content/WBP_Menu.uexp" 986
"D:/UE5Projects/MultiplayGame/Content/Maps/GameStartupMap_HLOD0_Instancing.uasset" 987
"D:/UE5Projects/MultiplayGame/Content/Maps/GameStartupMap_HLOD0_Instancing.uexp" 988
"D:/UE5Projects/MultiplayGame/Content/Maps/GameStartupMap.uexp" 989
"D:/UE5Projects/MultiplayGame/Content/Maps/GameStartupMap.umap" 990
"../../../Engine/Content/Maps/Entry_BuiltData.uasset" 991
"../../../Engine/Content/Maps/Entry_BuiltData.uexp" 992
"../../../Engine/Content/Maps/Entry.uexp" 993
"../../../Engine/Content/Maps/Entry.umap" 994
